Copyright 1986-2018 Xilinx, Inc. All Rights Reserved.
------------------------------------------------------------------------------------
| Tool Version : Vivado v.2018.3 (win64) Build 2405991 Thu Dec  6 23:38:27 MST 2018
| Date         : Sat Mar 27 14:18:00 2021
| Host         : DESKTOP-4JJ62M2 running 64-bit major release  (build 9200)
| Command      : upgrade_ip
| Device       : xc7z045ffg900-2
------------------------------------------------------------------------------------

Upgrade Log for IP 'system_tdc_0_1'

1. Summary
----------

SUCCESS in the upgrade of system_tdc_0_1 (xilinx.com:user:tdc:1.0) from (Rev. 2) to (Rev. 3)






Copyright 1986-2018 Xilinx, Inc. All Rights Reserved.
------------------------------------------------------------------------------------
| Tool Version : Vivado v.2018.3 (win64) Build 2405991 Thu Dec  6 23:38:27 MST 2018
| Date         : Fri Nov 20 15:24:41 2020
| Host         : DESKTOP-4JJ62M2 running 64-bit major release  (build 9200)
| Command      : upgrade_ip
| Device       : xc7z045ffg900-2
------------------------------------------------------------------------------------

Upgrade Log for IP 'system_Mem_Buffer_0_1'

1. Summary
----------

SUCCESS in the upgrade of system_Mem_Buffer_0_1 (xilinx.com:user:Mem_Buffer:1.0) from (Rev. 1) to (Rev. 2)

