#-----------------------------------------------------------
# Webtalk v2018.3 (64-bit)
# SW Build 2405991 on Thu Dec  6 23:38:27 MST 2018
# 
# Start of session at: Tue Sep 15 20:35:56 2020
# Process ID: 19632
# Current directory: C:/adi/hdl/projects/daq2/zc706/daq2_zc706.sdk/webtalk
# Command line: wbtcv.exe -mode batch -source sdk_webtalk.tcl
# Log file: C:/adi/hdl/projects/daq2/zc706/daq2_zc706.sdk/webtalk/webtalk.log
# Journal file: C:/adi/hdl/projects/daq2/zc706/daq2_zc706.sdk/webtalk\webtalk.jou
#-----------------------------------------------------------
source sdk_webtalk.tcl
# webtalk_init -webtalk_dir C:\\adi\\hdl\\projects\\daq2\\zc706\\daq2_zc706.sdk\\webtalk
# webtalk_register_client -client project
# webtalk_add_data -client project -key date_generated -value "2020-09-15 20:35:55" -context "software_version_and_target_device"
# webtalk_add_data -client project -key product_version -value "SDK v2018.3" -context "software_version_and_target_device"
# webtalk_add_data -client project -key build_version -value "2018.3" -context "software_version_and_target_device"
# webtalk_add_data -client project -key os_platform -value "amd64" -context "software_version_and_target_device"
# webtalk_add_data -client project -key registration_id -value "175441434_178259212_210718028_720" -context "software_version_and_target_device"
# webtalk_add_data -client project -key tool_flow -value "SDK" -context "software_version_and_target_device"
# webtalk_add_data -client project -key beta -value "false" -context "software_version_and_target_device"
# webtalk_add_data -client project -key route_design -value "NA" -context "software_version_and_target_device"
# webtalk_add_data -client project -key target_family -value "NA" -context "software_version_and_target_device"
# webtalk_add_data -client project -key target_device -value "NA" -context "software_version_and_target_device"
# webtalk_add_data -client project -key target_package -value "NA" -context "software_version_and_target_device"
# webtalk_add_data -client project -key target_speed -value "NA" -context "software_version_and_target_device"
# webtalk_add_data -client project -key random_id -value "bcmnrqq9u5s0qk79p6j823j9ln" -context "software_version_and_target_device"
# webtalk_add_data -client project -key project_id -value "2018.3_14" -context "software_version_and_target_device"
# webtalk_add_data -client project -key project_iteration -value "14" -context "software_version_and_target_device"
# webtalk_add_data -client project -key os_name -value "Microsoft Windows 8 or later , 64-bit" -context "user_environment"
# webtalk_add_data -client project -key os_release -value "major release  (build 9200)" -context "user_environment"
# webtalk_add_data -client project -key cpu_name -value "Intel(R) Core(TM) i5-9300H CPU @ 2.40GHz" -context "user_environment"
# webtalk_add_data -client project -key cpu_speed -value "2400 MHz" -context "user_environment"
# webtalk_add_data -client project -key total_processors -value "1" -context "user_environment"
# webtalk_add_data -client project -key system_ram -value "8.435 GB" -context "user_environment"
# webtalk_register_client -client sdk
# webtalk_add_data -client sdk -key uid -value "1600188464084" -context "sdk\\\\bsp/1600188464084"
# webtalk_add_data -client sdk -key hwid -value "1599693884701" -context "sdk\\\\bsp/1600188464084"
# webtalk_add_data -client sdk -key os -value "standalone" -context "sdk\\\\bsp/1600188464084"
# webtalk_add_data -client sdk -key apptemplate -value "hello_world" -context "sdk\\\\bsp/1600188464084"
# webtalk_add_data -client sdk -key RecordType -value "BSPCreation" -context "sdk\\\\bsp/1600188464084"
# webtalk_add_data -client sdk -key uid -value "1600188468649" -context "sdk\\\\application/1600188468649"
# webtalk_add_data -client sdk -key hwid -value "1599693884701" -context "sdk\\\\application/1600188468649"
# webtalk_add_data -client sdk -key bspid -value "1600188464084" -context "sdk\\\\application/1600188468649"
# webtalk_add_data -client sdk -key newbsp -value "true" -context "sdk\\\\application/1600188468649"
# webtalk_add_data -client sdk -key os -value "standalone" -context "sdk\\\\application/1600188468649"
# webtalk_add_data -client sdk -key apptemplate -value "hello_world" -context "sdk\\\\application/1600188468649"
# webtalk_add_data -client sdk -key RecordType -value "APPCreation" -context "sdk\\\\application/1600188468649"
# webtalk_add_data -client sdk -key LangUsed -value "C" -context "sdk\\\\application/1600188468649"
# webtalk_add_data -client sdk -key Procused -value "ps7_cortexa9" -context "sdk\\\\application/1600188468649"
# webtalk_add_data -client sdk -key projSize -value "612.9921875" -context "sdk\\\\application/1600188468649"
# webtalk_add_data -client sdk -key uid -value "NA" -context "sdk\\\\bsp/1600198555050"
# webtalk_add_data -client sdk -key RecordType -value "ToolUsage" -context "sdk\\\\bsp/1600198555050"
# webtalk_add_data -client sdk -key BootgenCount -value "0" -context "sdk\\\\bsp/1600198555050"
# webtalk_add_data -client sdk -key DebugCount -value "54" -context "sdk\\\\bsp/1600198555050"
# webtalk_add_data -client sdk -key PerfCount -value "0" -context "sdk\\\\bsp/1600198555050"
# webtalk_add_data -client sdk -key FlashCount -value "0" -context "sdk\\\\bsp/1600198555050"
# webtalk_add_data -client sdk -key CrossTriggCount -value "0" -context "sdk\\\\bsp/1600198555050"
# webtalk_add_data -client sdk -key QemuDebugCount -value "0" -context "sdk\\\\bsp/1600198555050"
# webtalk_transmit -clientid 1999808384 -regid "175441434_178259212_210718028_720" -xml C:\\adi\\hdl\\projects\\daq2\\zc706\\daq2_zc706.sdk\\webtalk\\usage_statistics_ext_sdk.xml -html C:\\adi\\hdl\\projects\\daq2\\zc706\\daq2_zc706.sdk\\webtalk\\usage_statistics_ext_sdk.html -wdm C:\\adi\\hdl\\projects\\daq2\\zc706\\daq2_zc706.sdk\\webtalk\\sdk_webtalk.wdm -intro "<H3>SDK Usage Report</H3><BR>"
# webtalk_terminate
INFO: [Common 17-206] Exiting Webtalk at Tue Sep 15 20:35:59 2020...
