#-----------------------------------------------------------
# Webtalk v2018.3 (64-bit)
# SW Build 2405991 on Thu Dec  6 23:38:27 MST 2018
# 
# Start of session at: Wed Sep 30 14:02:10 2020
# Process ID: 16476
# Current directory: C:/adi/hdl/projects/daq2/zc706/daq2_zc706.sdk/webtalk
# Command line: wbtcv.exe -mode batch -source sdk_webtalk.tcl
# Log file: C:/adi/hdl/projects/daq2/zc706/daq2_zc706.sdk/webtalk/webtalk.log
# Journal file: C:/adi/hdl/projects/daq2/zc706/daq2_zc706.sdk/webtalk\webtalk.jou
#-----------------------------------------------------------
source sdk_webtalk.tcl
# webtalk_init -webtalk_dir C:\\adi\\hdl\\projects\\daq2\\zc706\\daq2_zc706.sdk\\webtalk
# webtalk_register_client -client project
# webtalk_add_data -client project -key date_generated -value "2020-09-30 14:02:08" -context "software_version_and_target_device"
# webtalk_add_data -client project -key product_version -value "SDK v2018.3" -context "software_version_and_target_device"
# webtalk_add_data -client project -key build_version -value "2018.3" -context "software_version_and_target_device"
# webtalk_add_data -client project -key os_platform -value "amd64" -context "software_version_and_target_device"
# webtalk_add_data -client project -key registration_id -value "175441434_178259212_210718028_720" -context "software_version_and_target_device"
# webtalk_add_data -client project -key tool_flow -value "SDK" -context "software_version_and_target_device"
# webtalk_add_data -client project -key beta -value "false" -context "software_version_and_target_device"
# webtalk_add_data -client project -key route_design -value "NA" -context "software_version_and_target_device"
# webtalk_add_data -client project -key target_family -value "NA" -context "software_version_and_target_device"
# webtalk_add_data -client project -key target_device -value "NA" -context "software_version_and_target_device"
# webtalk_add_data -client project -key target_package -value "NA" -context "software_version_and_target_device"
# webtalk_add_data -client project -key target_speed -value "NA" -context "software_version_and_target_device"
# webtalk_add_data -client project -key random_id -value "g7jvlfatgd9dk6bocaeml7cmmr" -context "software_version_and_target_device"
# webtalk_add_data -client project -key project_id -value "2018.3_17" -context "software_version_and_target_device"
# webtalk_add_data -client project -key project_iteration -value "17" -context "software_version_and_target_device"
# webtalk_add_data -client project -key os_name -value "Microsoft Windows 8 or later , 64-bit" -context "user_environment"
# webtalk_add_data -client project -key os_release -value "major release  (build 9200)" -context "user_environment"
# webtalk_add_data -client project -key cpu_name -value "Intel(R) Core(TM) i5-9300H CPU @ 2.40GHz" -context "user_environment"
# webtalk_add_data -client project -key cpu_speed -value "2400 MHz" -context "user_environment"
# webtalk_add_data -client project -key total_processors -value "1" -context "user_environment"
# webtalk_add_data -client project -key system_ram -value "8.435 GB" -context "user_environment"
# webtalk_register_client -client sdk
# webtalk_add_data -client sdk -key uid -value "1601422918241" -context "sdk\\\\hardware/1601422918241"
# webtalk_add_data -client sdk -key isZynq -value "true" -context "sdk\\\\hardware/1601422918241"
# webtalk_add_data -client sdk -key isZynqMP -value "false" -context "sdk\\\\hardware/1601422918241"
# webtalk_add_data -client sdk -key Processors -value "2" -context "sdk\\\\hardware/1601422918241"
# webtalk_add_data -client sdk -key VivadoVersion -value "2018.3" -context "sdk\\\\hardware/1601422918241"
# webtalk_add_data -client sdk -key Arch -value "zynq" -context "sdk\\\\hardware/1601422918241"
# webtalk_add_data -client sdk -key Device -value "7z045" -context "sdk\\\\hardware/1601422918241"
# webtalk_add_data -client sdk -key IsHandoff -value "true" -context "sdk\\\\hardware/1601422918241"
# webtalk_add_data -client sdk -key os -value "NA" -context "sdk\\\\hardware/1601422918241"
# webtalk_add_data -client sdk -key apptemplate -value "NA" -context "sdk\\\\hardware/1601422918241"
# webtalk_add_data -client sdk -key RecordType -value "HWCreation" -context "sdk\\\\hardware/1601422918241"
# webtalk_add_data -client sdk -key uid -value "1601424254154" -context "sdk\\\\hardware/1601424254154"
# webtalk_add_data -client sdk -key isZynq -value "true" -context "sdk\\\\hardware/1601424254154"
# webtalk_add_data -client sdk -key isZynqMP -value "false" -context "sdk\\\\hardware/1601424254154"
# webtalk_add_data -client sdk -key Processors -value "2" -context "sdk\\\\hardware/1601424254154"
# webtalk_add_data -client sdk -key VivadoVersion -value "2018.3" -context "sdk\\\\hardware/1601424254154"
# webtalk_add_data -client sdk -key Arch -value "zynq" -context "sdk\\\\hardware/1601424254154"
# webtalk_add_data -client sdk -key Device -value "7z045" -context "sdk\\\\hardware/1601424254154"
# webtalk_add_data -client sdk -key IsHandoff -value "true" -context "sdk\\\\hardware/1601424254154"
# webtalk_add_data -client sdk -key os -value "NA" -context "sdk\\\\hardware/1601424254154"
# webtalk_add_data -client sdk -key apptemplate -value "NA" -context "sdk\\\\hardware/1601424254154"
# webtalk_add_data -client sdk -key RecordType -value "HWCreation" -context "sdk\\\\hardware/1601424254154"
# webtalk_add_data -client sdk -key uid -value "1601424266212" -context "sdk\\\\bsp/1601424266212"
# webtalk_add_data -client sdk -key hwid -value "1601424254154" -context "sdk\\\\bsp/1601424266212"
# webtalk_add_data -client sdk -key os -value "standalone" -context "sdk\\\\bsp/1601424266212"
# webtalk_add_data -client sdk -key apptemplate -value "hello_world" -context "sdk\\\\bsp/1601424266212"
# webtalk_add_data -client sdk -key RecordType -value "BSPCreation" -context "sdk\\\\bsp/1601424266212"
# webtalk_add_data -client sdk -key uid -value "1601424270954" -context "sdk\\\\application/1601424270954"
# webtalk_add_data -client sdk -key hwid -value "1601424254154" -context "sdk\\\\application/1601424270954"
# webtalk_add_data -client sdk -key bspid -value "1601424266212" -context "sdk\\\\application/1601424270954"
# webtalk_add_data -client sdk -key newbsp -value "true" -context "sdk\\\\application/1601424270954"
# webtalk_add_data -client sdk -key os -value "standalone" -context "sdk\\\\application/1601424270954"
# webtalk_add_data -client sdk -key apptemplate -value "hello_world" -context "sdk\\\\application/1601424270954"
# webtalk_add_data -client sdk -key RecordType -value "APPCreation" -context "sdk\\\\application/1601424270954"
# webtalk_add_data -client sdk -key LangUsed -value "C" -context "sdk\\\\application/1601424270954"
# webtalk_add_data -client sdk -key Procused -value "ps7_cortexa9" -context "sdk\\\\application/1601424270954"
# webtalk_add_data -client sdk -key uid -value "1601424407542" -context "sdk\\\\bsp/1601424407542"
# webtalk_add_data -client sdk -key hwid -value "1601424254154" -context "sdk\\\\bsp/1601424407542"
# webtalk_add_data -client sdk -key os -value "standalone" -context "sdk\\\\bsp/1601424407542"
# webtalk_add_data -client sdk -key apptemplate -value "empty_application" -context "sdk\\\\bsp/1601424407542"
# webtalk_add_data -client sdk -key RecordType -value "BSPCreation" -context "sdk\\\\bsp/1601424407542"
# webtalk_add_data -client sdk -key uid -value "1601424410173" -context "sdk\\\\application/1601424410173"
# webtalk_add_data -client sdk -key hwid -value "1601424254154" -context "sdk\\\\application/1601424410173"
# webtalk_add_data -client sdk -key bspid -value "1601424407542" -context "sdk\\\\application/1601424410173"
# webtalk_add_data -client sdk -key newbsp -value "true" -context "sdk\\\\application/1601424410173"
# webtalk_add_data -client sdk -key os -value "standalone" -context "sdk\\\\application/1601424410173"
# webtalk_add_data -client sdk -key apptemplate -value "empty_application" -context "sdk\\\\application/1601424410173"
# webtalk_add_data -client sdk -key RecordType -value "APPCreation" -context "sdk\\\\application/1601424410173"
# webtalk_add_data -client sdk -key LangUsed -value "C" -context "sdk\\\\application/1601424410173"
# webtalk_add_data -client sdk -key Procused -value "ps7_cortexa9" -context "sdk\\\\application/1601424410173"
# webtalk_add_data -client sdk -key projSize -value "613.23046875" -context "sdk\\\\application/1601424410173"
# webtalk_add_data -client sdk -key uid -value "NA" -context "sdk\\\\bsp/1601470928625"
# webtalk_add_data -client sdk -key RecordType -value "ToolUsage" -context "sdk\\\\bsp/1601470928625"
# webtalk_add_data -client sdk -key BootgenCount -value "0" -context "sdk\\\\bsp/1601470928625"
# webtalk_add_data -client sdk -key DebugCount -value "7" -context "sdk\\\\bsp/1601470928625"
# webtalk_add_data -client sdk -key PerfCount -value "0" -context "sdk\\\\bsp/1601470928625"
# webtalk_add_data -client sdk -key FlashCount -value "0" -context "sdk\\\\bsp/1601470928625"
# webtalk_add_data -client sdk -key CrossTriggCount -value "0" -context "sdk\\\\bsp/1601470928625"
# webtalk_add_data -client sdk -key QemuDebugCount -value "0" -context "sdk\\\\bsp/1601470928625"
# webtalk_transmit -clientid 2577078880 -regid "175441434_178259212_210718028_720" -xml C:\\adi\\hdl\\projects\\daq2\\zc706\\daq2_zc706.sdk\\webtalk\\usage_statistics_ext_sdk.xml -html C:\\adi\\hdl\\projects\\daq2\\zc706\\daq2_zc706.sdk\\webtalk\\usage_statistics_ext_sdk.html -wdm C:\\adi\\hdl\\projects\\daq2\\zc706\\daq2_zc706.sdk\\webtalk\\sdk_webtalk.wdm -intro "<H3>SDK Usage Report</H3><BR>"
# webtalk_terminate
INFO: [Common 17-206] Exiting Webtalk at Wed Sep 30 14:02:11 2020...
