Copyright 1986-2018 Xilinx, Inc. All Rights Reserved.
----------------------------------------------------------------------------------------
| Tool Version : Vivado v.2018.3 (win64) Build 2405991 Thu Dec  6 23:38:27 MST 2018
| Date         : Mon Jun 14 02:19:59 2021
| Host         : DESKTOP-4JJ62M2 running 64-bit major release  (build 9200)
| Command      : report_clock_utilization -file system_top_clock_utilization_routed.rpt
| Design       : system_top
| Device       : 7z045-ffg900
| Speed File   : -2  PRODUCTION 1.11 2014-09-11
----------------------------------------------------------------------------------------

Clock Utilization Report

Table of Contents
-----------------
1. Clock Primitive Utilization
2. Global Clock Resources
3. Global Clock Source Details
4. Local Clock Details
5. Clock Regions: Key Resource Utilization
6. Clock Regions : Global Clock Summary
7. Device Cell Placement Summary for Global Clock g0
8. Device Cell Placement Summary for Global Clock g1
9. Device Cell Placement Summary for Global Clock g2
10. Clock Region Cell Placement per Global Clock: Region X0Y0
11. Clock Region Cell Placement per Global Clock: Region X1Y0
12. Clock Region Cell Placement per Global Clock: Region X0Y1
13. Clock Region Cell Placement per Global Clock: Region X1Y1
14. Clock Region Cell Placement per Global Clock: Region X0Y2
15. Clock Region Cell Placement per Global Clock: Region X1Y2
16. Clock Region Cell Placement per Global Clock: Region X0Y4
17. Clock Region Cell Placement per Global Clock: Region X0Y5
18. Clock Region Cell Placement per Global Clock: Region X0Y6

1. Clock Primitive Utilization
------------------------------

+----------+------+-----------+-----+--------------+--------+
| Type     | Used | Available | LOC | Clock Region | Pblock |
+----------+------+-----------+-----+--------------+--------+
| BUFGCTRL |    3 |        32 |   0 |            0 |      0 |
| BUFH     |    0 |       168 |   0 |            0 |      0 |
| BUFIO    |    0 |        32 |   0 |            0 |      0 |
| BUFMR    |    0 |        16 |   0 |            0 |      0 |
| BUFR     |    0 |        32 |   0 |            0 |      0 |
| MMCM     |    0 |         8 |   0 |            0 |      0 |
| PLL      |    0 |         8 |   0 |            0 |      0 |
+----------+------+-----------+-----+--------------+--------+


2. Global Clock Resources
-------------------------

+-----------+-----------+-----------------+------------+----------------+--------------+-------------------+-------------+-----------------+--------------+------------+----------------------------------------------------------------------------+--------------------------------------------------------------------+
| Global Id | Source Id | Driver Type/Pin | Constraint | Site           | Clock Region | Load Clock Region | Clock Loads | Non-Clock Loads | Clock Period | Clock      | Driver Pin                                                                 | Net                                                                |
+-----------+-----------+-----------------+------------+----------------+--------------+-------------------+-------------+-----------------+--------------+------------+----------------------------------------------------------------------------+--------------------------------------------------------------------+
| g0        | src0      | BUFG/O          | None       | BUFGCTRL_X0Y0  | n/a          |                 5 |       17788 |               0 |        4.000 | tx_div_clk | i_system_wrapper/system_i/util_daq2_xcvr/inst/i_xch_0/i_tx_bufg/O          | i_system_wrapper/system_i/util_daq2_xcvr/inst/i_xch_0/tx_out_clk_0 |
| g1        | src1      | BUFG/O          | None       | BUFGCTRL_X0Y16 | n/a          |                 9 |       10638 |               0 |       10.000 | clk_fpga_0 | i_system_wrapper/system_i/sys_ps7/inst/buffer_fclk_clk_0.FCLK_CLK_0_BUFG/O | i_system_wrapper/system_i/sys_ps7/inst/FCLK_CLK0                   |
| g2        | src0      | BUFG/O          | None       | BUFGCTRL_X0Y1  | n/a          |                 4 |        3474 |               0 |        4.000 | rx_div_clk | i_system_wrapper/system_i/util_daq2_xcvr/inst/i_xch_0/i_rx_bufg/O          | i_system_wrapper/system_i/util_daq2_xcvr/inst/i_xch_0/rx_out_clk_0 |
+-----------+-----------+-----------------+------------+----------------+--------------+-------------------+-------------+-----------------+--------------+------------+----------------------------------------------------------------------------+--------------------------------------------------------------------+
* Clock Loads column represents the clock pin loads (pin count)
** Non-Clock Loads column represents the non-clock pin loads (pin count)


3. Global Clock Source Details
------------------------------

+-----------+-----------+------------------------+--------------------+--------------------+--------------+-------------+-----------------+---------------------+--------------+--------------------------------------------------------------------------------+--------------------------------------------------------------------+
| Source Id | Global Id | Driver Type/Pin        | Constraint         | Site               | Clock Region | Clock Loads | Non-Clock Loads | Source Clock Period | Source Clock | Driver Pin                                                                     | Net                                                                |
+-----------+-----------+------------------------+--------------------+--------------------+--------------+-------------+-----------------+---------------------+--------------+--------------------------------------------------------------------------------+--------------------------------------------------------------------+
| src0      | g2        | GTXE2_CHANNEL/RXOUTCLK | GTXE2_CHANNEL_X0Y3 | GTXE2_CHANNEL_X0Y3 | X1Y0         |           1 |               0 |               4.000 | rx_div_clk   | i_system_wrapper/system_i/util_daq2_xcvr/inst/i_xch_0/i_gtxe2_channel/RXOUTCLK | i_system_wrapper/system_i/util_daq2_xcvr/inst/i_xch_0/rx_out_clk_s |
| src0      | g0        | GTXE2_CHANNEL/TXOUTCLK | GTXE2_CHANNEL_X0Y3 | GTXE2_CHANNEL_X0Y3 | X1Y0         |           1 |               0 |               4.000 | tx_div_clk   | i_system_wrapper/system_i/util_daq2_xcvr/inst/i_xch_0/i_gtxe2_channel/TXOUTCLK | i_system_wrapper/system_i/util_daq2_xcvr/inst/i_xch_0/tx_out_clk_s |
| src1      | g1        | PS7/FCLKCLK[0]         | PS7_X0Y0           | PS7_X0Y0           | X0Y6         |           1 |               0 |              10.000 | clk_fpga_0   | i_system_wrapper/system_i/sys_ps7/inst/PS7_i/FCLKCLK[0]                        | i_system_wrapper/system_i/sys_ps7/inst/FCLK_CLK_unbuffered[0]      |
+-----------+-----------+------------------------+--------------------+--------------------+--------------+-------------+-----------------+---------------------+--------------+--------------------------------------------------------------------------------+--------------------------------------------------------------------+
* Clock Loads column represents the clock pin loads (pin count)
** Non-Clock Loads column represents the non-clock pin loads (pin count)


4. Local Clock Details
----------------------

+----------+-------------------+------------+--------------+--------------+-------------+-----------------+--------------+-------+------------------------------------------------------------+----------------------------------------------------+
| Local Id | Driver Type/Pin   | Constraint | Site/BEL     | Clock Region | Clock Loads | Non-Clock Loads | Clock Period | Clock | Driver Pin                                                 | Net                                                |
+----------+-------------------+------------+--------------+--------------+-------------+-----------------+--------------+-------+------------------------------------------------------------+----------------------------------------------------||
| 0        | PS7/EMIOSPI0SCLKO | PS7_X0Y0   | PS7_X0Y0/PS7 | X0Y6         |           8 |               2 |              |       | i_system_wrapper/system_i/sys_ps7/inst/PS7_i/EMIOSPI0SCLKO | i_system_wrapper/system_i/sys_ps7/inst/SPI0_SCLK_O - Static -
+----------+-------------------+------------+--------------+--------------+-------------+-----------------+--------------+-------+------------------------------------------------------------+----------------------------------------------------||
* Local Clocks in this context represents only clocks driven by non-global buffers
** Clock Loads column represents the clock pin loads (pin count)
*** Non-Clock Loads column represents the non-clock pin loads (pin count)


5. Clock Regions: Key Resource Utilization
------------------------------------------

+-------------------+--------------+--------------+--------------+--------------+--------------+--------------+--------------+--------------+--------------+--------------+---------------+--------------+--------------+--------------+--------------+
|                   | Global Clock |     BUFRs    |    BUFMRs    |    BUFIOs    |     MMCM     |      PLL     |      GT      |      PCI     |    ILOGIC    |    OLOGIC    |       FF      |     LUTM     |    RAMB18    |    RAMB36    |    DSP48E2   |
+-------------------+------+-------+------+-------+------+-------+------+-------+------+-------+------+-------+------+-------+------+-------+------+-------+------+-------+-------+-------+------+-------+------+-------+------+-------+------+-------+
| Clock Region Name | Used | Avail | Used | Avail | Used | Avail | Used | Avail | Used | Avail | Used | Avail | Used | Avail | Used | Avail | Used | Avail | Used | Avail | Used  | Avail | Used | Avail | Used | Avail | Used | Avail | Used | Avail |
+-------------------+------+-------+------+-------+------+-------+------+-------+------+-------+------+-------+------+-------+------+-------+------+-------+------+-------+-------+-------+------+-------+------+-------+------+-------+------+-------+
| X0Y0              |    2 |    12 |    0 |     4 |    0 |     2 |    0 |     4 |    0 |     1 |    0 |     1 |    0 |     0 |    0 |     0 |    0 |    50 |    0 |    50 |  7295 |  4500 | 1866 |  1600 |    0 |    80 |    0 |    40 |    0 |    80 |
| X1Y0              |    3 |    12 |    0 |     0 |    0 |     0 |    0 |     0 |    0 |     0 |    0 |     0 |    4 |     4 |    0 |     0 |    0 |     0 |    0 |     0 | 12465 |  3700 | 3718 |  1050 |    0 |    80 |    0 |    40 |   16 |    60 |
| X0Y1              |    3 |    12 |    0 |     4 |    0 |     2 |    0 |     4 |    0 |     1 |    0 |     1 |    0 |     0 |    0 |     0 |    0 |    50 |    0 |    50 |  1312 |  4500 |  275 |  1600 |    0 |    80 |    0 |    40 |    0 |    80 |
| X1Y1              |    3 |    12 |    0 |     0 |    0 |     0 |    0 |     0 |    0 |     0 |    0 |     0 |    0 |     4 |    0 |     0 |    0 |     0 |    0 |     0 |  9561 |  3700 | 2650 |  1050 |    0 |    80 |    8 |    40 |    0 |    60 |
| X0Y2              |    3 |    12 |    0 |     4 |    0 |     2 |    0 |     4 |    0 |     1 |    0 |     1 |    0 |     0 |    0 |     0 |    2 |    50 |    0 |    50 |    28 |  4500 |    4 |  1600 |    0 |    80 |    0 |    40 |    0 |    80 |
| X1Y2              |    1 |    12 |    0 |     0 |    0 |     0 |    0 |     0 |    0 |     0 |    0 |     0 |    0 |     4 |    0 |     0 |    0 |     0 |    0 |     0 |   119 |  3700 |   66 |  1050 |    0 |    80 |    0 |    40 |    0 |    60 |
| X0Y3              |    0 |    12 |    0 |     4 |    0 |     2 |    0 |     4 |    0 |     1 |    0 |     1 |    0 |     0 |    0 |     0 |    0 |    50 |    0 |    50 |     8 |  4500 |    7 |  1600 |    0 |    80 |    0 |    40 |    0 |    80 |
| X1Y3              |    0 |    12 |    0 |     0 |    0 |     0 |    0 |     0 |    0 |     0 |    0 |     0 |    0 |     4 |    0 |     1 |    0 |     0 |    0 |     0 |     0 |  3550 |    0 |  1000 |    0 |    70 |    0 |    35 |    0 |    60 |
| X0Y4              |    1 |    12 |    0 |     4 |    0 |     2 |    0 |     4 |    0 |     1 |    0 |     1 |    0 |     0 |    0 |     0 |    0 |    50 |    0 |    50 |   306 |  4500 |  120 |  1600 |    0 |    80 |    0 |    40 |    0 |    80 |
| X1Y4              |    0 |    12 |    0 |     4 |    0 |     2 |    0 |     4 |    0 |     1 |    0 |     1 |    0 |     0 |    0 |     0 |    0 |    50 |    0 |    50 |     0 |  4100 |    0 |  1150 |    0 |   100 |    0 |    50 |    0 |    60 |
| X0Y5              |    1 |    12 |    0 |     0 |    0 |     0 |    0 |     0 |    0 |     0 |    0 |     0 |    0 |     0 |    0 |     0 |    0 |     0 |    0 |     0 |   257 |  3200 |  133 |  1000 |    0 |    40 |    0 |    20 |    0 |    40 |
| X1Y5              |    0 |    12 |    0 |     4 |    0 |     2 |    0 |     4 |    0 |     1 |    0 |     1 |    0 |     0 |    0 |     0 |    0 |    50 |    0 |    50 |     0 |  3500 |    0 |  1150 |    0 |   100 |    0 |    50 |    0 |    60 |
| X0Y6              |    1 |    12 |    0 |     0 |    0 |     0 |    0 |     0 |    0 |     0 |    0 |     0 |    0 |     0 |    0 |     0 |    0 |     0 |    0 |     0 |     0 |  3200 |    0 |  1000 |    0 |    40 |    0 |    20 |    0 |    40 |
| X1Y6              |    0 |    12 |    0 |     4 |    0 |     2 |    0 |     4 |    0 |     1 |    0 |     1 |    0 |     0 |    0 |     0 |    0 |    50 |    0 |    50 |     0 |  3500 |    0 |  1150 |    0 |   100 |    0 |    50 |    0 |    60 |
+-------------------+------+-------+------+-------+------+-------+------+-------+------+-------+------+-------+------+-------+------+-------+------+-------+------+-------+-------+-------+------+-------+------+-------+------+-------+------+-------+
* Global Clock column represents track count; while other columns represents cell counts


6. Clock Regions : Global Clock Summary
---------------------------------------

All Modules
+----+----+----+
|    | X0 | X1 |
+----+----+----+
| Y6 |  1 |  0 |
| Y5 |  1 |  0 |
| Y4 |  1 |  0 |
| Y3 |  0 |  0 |
| Y2 |  3 |  1 |
| Y1 |  3 |  3 |
| Y0 |  2 |  3 |
+----+----+----+


7. Device Cell Placement Summary for Global Clock g0
----------------------------------------------------

+-----------+-----------------+-------------------+------------+-------------+---------------+-------------+----------+----------------+----------+--------------------------------------------------------------------+
| Global Id | Driver Type/Pin | Driver Region (D) | Clock      | Period (ns) | Waveform (ns) | Slice Loads | IO Loads | Clocking Loads | GT Loads | Net                                                                |
+-----------+-----------------+-------------------+------------+-------------+---------------+-------------+----------+----------------+----------+--------------------------------------------------------------------+
| g0        | BUFG/O          | n/a               | tx_div_clk |       4.000 | {0.000 2.000} |       17780 |        0 |              0 |        4 | i_system_wrapper/system_i/util_daq2_xcvr/inst/i_xch_0/tx_out_clk_0 |
+-----------+-----------------+-------------------+------------+-------------+---------------+-------------+----------+----------------+----------+--------------------------------------------------------------------+
* Logic Loads column represents load cell count of all cell types other than IO, GT and clock resources
** IO Loads column represents load cell count of IO types
*** Clocking Loads column represents load cell count that are clock resources (global clock buffer, MMCM, PLL, etc)
**** GT Loads column represents load cell count of GT types


+----+-------+-------+
|    | X0    | X1    |
+----+-------+-------+
| Y6 |     0 |     0 |
| Y5 |     0 |     0 |
| Y4 |     0 |     0 |
| Y3 |     0 |     0 |
| Y2 |     1 |     0 |
| Y1 |  1296 |   374 |
| Y0 |  7028 |  9085 |
+----+-------+-------+


8. Device Cell Placement Summary for Global Clock g1
----------------------------------------------------

+-----------+-----------------+-------------------+------------+-------------+---------------+-------------+----------+----------------+----------+--------------------------------------------------+
| Global Id | Driver Type/Pin | Driver Region (D) | Clock      | Period (ns) | Waveform (ns) | Slice Loads | IO Loads | Clocking Loads | GT Loads | Net                                              |
+-----------+-----------------+-------------------+------------+-------------+---------------+-------------+----------+----------------+----------+--------------------------------------------------+
| g1        | BUFG/O          | n/a               | clk_fpga_0 |      10.000 | {0.000 5.000} |       10615 |        0 |              0 |        5 | i_system_wrapper/system_i/sys_ps7/inst/FCLK_CLK0 |
+-----------+-----------------+-------------------+------------+-------------+---------------+-------------+----------+----------------+----------+--------------------------------------------------+
* Logic Loads column represents load cell count of all cell types other than IO, GT and clock resources
** IO Loads column represents load cell count of IO types
*** Clocking Loads column represents load cell count that are clock resources (global clock buffer, MMCM, PLL, etc)
**** GT Loads column represents load cell count of GT types


+----+------+-------+
|    | X0   | X1    |
+----+------+-------+
| Y6 |    1 |     0 |
| Y5 |  266 |     0 |
| Y4 |  307 |     0 |
| Y3 |    0 |     0 |
| Y2 |   26 |   119 |
| Y1 |   14 |  6247 |
| Y0 |  275 |  3365 |
+----+------+-------+


9. Device Cell Placement Summary for Global Clock g2
----------------------------------------------------

+-----------+-----------------+-------------------+------------+-------------+---------------+-------------+----------+----------------+----------+--------------------------------------------------------------------+
| Global Id | Driver Type/Pin | Driver Region (D) | Clock      | Period (ns) | Waveform (ns) | Slice Loads | IO Loads | Clocking Loads | GT Loads | Net                                                                |
+-----------+-----------------+-------------------+------------+-------------+---------------+-------------+----------+----------------+----------+--------------------------------------------------------------------+
| g2        | BUFG/O          | n/a               | rx_div_clk |       4.000 | {0.000 2.000} |        3438 |        0 |              0 |        4 | i_system_wrapper/system_i/util_daq2_xcvr/inst/i_xch_0/rx_out_clk_0 |
+-----------+-----------------+-------------------+------------+-------------+---------------+-------------+----------+----------------+----------+--------------------------------------------------------------------+
* Logic Loads column represents load cell count of all cell types other than IO, GT and clock resources
** IO Loads column represents load cell count of IO types
*** Clocking Loads column represents load cell count that are clock resources (global clock buffer, MMCM, PLL, etc)
**** GT Loads column represents load cell count of GT types


+----+----+-------+
|    | X0 | X1    |
+----+----+-------+
| Y6 |  0 |     0 |
| Y5 |  0 |     0 |
| Y4 |  0 |     0 |
| Y3 |  0 |     0 |
| Y2 |  1 |     0 |
| Y1 |  2 |  3271 |
| Y0 |  0 |   168 |
+----+----+-------+


10. Clock Region Cell Placement per Global Clock: Region X0Y0
-------------------------------------------------------------

+-----------+-------+-----------------+------------+-------------+-----------------+------+--------+------+-----+----+------+-----+---------+--------------------------------------------------------------------+
| Global Id | Track | Driver Type/Pin | Constraint | Clock Loads | Non-Clock Loads | FF   | LUTRAM | RAMB | DSP | GT | MMCM | PLL | Hard IP | Net                                                                |
+-----------+-------+-----------------+------------+-------------+-----------------+------+--------+------+-----+----+------+-----+---------+--------------------------------------------------------------------+
| g0        | n/a   | BUFG/O          | None       |        7028 |               0 | 7020 |      8 |    0 |   0 |  0 |    0 |   0 |       0 | i_system_wrapper/system_i/util_daq2_xcvr/inst/i_xch_0/tx_out_clk_0 |
| g1        | n/a   | BUFG/O          | None       |         275 |               0 |  275 |      0 |    0 |   0 |  0 |    0 |   0 |       0 | i_system_wrapper/system_i/sys_ps7/inst/FCLK_CLK0                   |
+-----------+-------+-----------------+------------+-------------+-----------------+------+--------+------+-----+----+------+-----+---------+--------------------------------------------------------------------+
* Clock Loads column represents the clock pin loads (pin count)
** Non-Clock Loads column represents the non-clock pin loads (pin count)
*** Columns FF, LUTRAM, RAMB through 'Hard IP' represents load cell counts


11. Clock Region Cell Placement per Global Clock: Region X1Y0
-------------------------------------------------------------

+-----------+-------+-----------------+------------+-------------+-----------------+------+--------+------+-----+----+------+-----+---------+--------------------------------------------------------------------+
| Global Id | Track | Driver Type/Pin | Constraint | Clock Loads | Non-Clock Loads | FF   | LUTRAM | RAMB | DSP | GT | MMCM | PLL | Hard IP | Net                                                                |
+-----------+-------+-----------------+------------+-------------+-----------------+------+--------+------+-----+----+------+-----+---------+--------------------------------------------------------------------+
| g0        | n/a   | BUFG/O          | None       |        9085 |               0 | 8951 |    114 |    0 |  16 |  4 |    0 |   0 |       0 | i_system_wrapper/system_i/util_daq2_xcvr/inst/i_xch_0/tx_out_clk_0 |
| g1        | n/a   | BUFG/O          | None       |        3365 |               0 | 3350 |     10 |    0 |   0 |  4 |    0 |   0 |       0 | i_system_wrapper/system_i/sys_ps7/inst/FCLK_CLK0                   |
| g2        | n/a   | BUFG/O          | None       |         168 |               0 |  164 |      0 |    0 |   0 |  4 |    0 |   0 |       0 | i_system_wrapper/system_i/util_daq2_xcvr/inst/i_xch_0/rx_out_clk_0 |
+-----------+-------+-----------------+------------+-------------+-----------------+------+--------+------+-----+----+------+-----+---------+--------------------------------------------------------------------+
* Clock Loads column represents the clock pin loads (pin count)
** Non-Clock Loads column represents the non-clock pin loads (pin count)
*** Columns FF, LUTRAM, RAMB through 'Hard IP' represents load cell counts


12. Clock Region Cell Placement per Global Clock: Region X0Y1
-------------------------------------------------------------

+-----------+-------+-----------------+------------+-------------+-----------------+------+--------+------+-----+----+------+-----+---------+--------------------------------------------------------------------+
| Global Id | Track | Driver Type/Pin | Constraint | Clock Loads | Non-Clock Loads | FF   | LUTRAM | RAMB | DSP | GT | MMCM | PLL | Hard IP | Net                                                                |
+-----------+-------+-----------------+------------+-------------+-----------------+------+--------+------+-----+----+------+-----+---------+--------------------------------------------------------------------+
| g0        | n/a   | BUFG/O          | None       |        1296 |               0 | 1296 |      0 |    0 |   0 |  0 |    0 |   0 |       0 | i_system_wrapper/system_i/util_daq2_xcvr/inst/i_xch_0/tx_out_clk_0 |
| g1        | n/a   | BUFG/O          | None       |          14 |               0 |   14 |      0 |    0 |   0 |  0 |    0 |   0 |       0 | i_system_wrapper/system_i/sys_ps7/inst/FCLK_CLK0                   |
| g2        | n/a   | BUFG/O          | None       |           2 |               0 |    2 |      0 |    0 |   0 |  0 |    0 |   0 |       0 | i_system_wrapper/system_i/util_daq2_xcvr/inst/i_xch_0/rx_out_clk_0 |
+-----------+-------+-----------------+------------+-------------+-----------------+------+--------+------+-----+----+------+-----+---------+--------------------------------------------------------------------+
* Clock Loads column represents the clock pin loads (pin count)
** Non-Clock Loads column represents the non-clock pin loads (pin count)
*** Columns FF, LUTRAM, RAMB through 'Hard IP' represents load cell counts


13. Clock Region Cell Placement per Global Clock: Region X1Y1
-------------------------------------------------------------

+-----------+-------+-----------------+------------+-------------+-----------------+------+--------+------+-----+----+------+-----+---------+--------------------------------------------------------------------+
| Global Id | Track | Driver Type/Pin | Constraint | Clock Loads | Non-Clock Loads | FF   | LUTRAM | RAMB | DSP | GT | MMCM | PLL | Hard IP | Net                                                                |
+-----------+-------+-----------------+------------+-------------+-----------------+------+--------+------+-----+----+------+-----+---------+--------------------------------------------------------------------+
| g0        | n/a   | BUFG/O          | None       |         374 |               0 |  373 |      1 |    0 |   0 |  0 |    0 |   0 |       0 | i_system_wrapper/system_i/util_daq2_xcvr/inst/i_xch_0/tx_out_clk_0 |
| g1        | n/a   | BUFG/O          | None       |        6247 |               0 | 5932 |    306 |    8 |   0 |  0 |    0 |   0 |       0 | i_system_wrapper/system_i/sys_ps7/inst/FCLK_CLK0                   |
| g2        | n/a   | BUFG/O          | None       |        3271 |               0 | 3256 |      2 |    8 |   0 |  0 |    0 |   0 |       0 | i_system_wrapper/system_i/util_daq2_xcvr/inst/i_xch_0/rx_out_clk_0 |
+-----------+-------+-----------------+------------+-------------+-----------------+------+--------+------+-----+----+------+-----+---------+--------------------------------------------------------------------+
* Clock Loads column represents the clock pin loads (pin count)
** Non-Clock Loads column represents the non-clock pin loads (pin count)
*** Columns FF, LUTRAM, RAMB through 'Hard IP' represents load cell counts


14. Clock Region Cell Placement per Global Clock: Region X0Y2
-------------------------------------------------------------

+-----------+-------+-----------------+------------+-------------+-----------------+----+--------+------+-----+----+------+-----+---------+--------------------------------------------------------------------+
| Global Id | Track | Driver Type/Pin | Constraint | Clock Loads | Non-Clock Loads | FF | LUTRAM | RAMB | DSP | GT | MMCM | PLL | Hard IP | Net                                                                |
+-----------+-------+-----------------+------------+-------------+-----------------+----+--------+------+-----+----+------+-----+---------+--------------------------------------------------------------------+
| g0        | n/a   | BUFG/O          | None       |           1 |               0 |  1 |      0 |    0 |   0 |  0 |    0 |   0 |       0 | i_system_wrapper/system_i/util_daq2_xcvr/inst/i_xch_0/tx_out_clk_0 |
| g1        | n/a   | BUFG/O          | None       |          26 |               0 | 26 |      0 |    0 |   0 |  0 |    0 |   0 |       0 | i_system_wrapper/system_i/sys_ps7/inst/FCLK_CLK0                   |
| g2        | n/a   | BUFG/O          | None       |           1 |               0 |  1 |      0 |    0 |   0 |  0 |    0 |   0 |       0 | i_system_wrapper/system_i/util_daq2_xcvr/inst/i_xch_0/rx_out_clk_0 |
+-----------+-------+-----------------+------------+-------------+-----------------+----+--------+------+-----+----+------+-----+---------+--------------------------------------------------------------------+
* Clock Loads column represents the clock pin loads (pin count)
** Non-Clock Loads column represents the non-clock pin loads (pin count)
*** Columns FF, LUTRAM, RAMB through 'Hard IP' represents load cell counts


15. Clock Region Cell Placement per Global Clock: Region X1Y2
-------------------------------------------------------------

+-----------+-------+-----------------+------------+-------------+-----------------+-----+--------+------+-----+----+------+-----+---------+--------------------------------------------------+
| Global Id | Track | Driver Type/Pin | Constraint | Clock Loads | Non-Clock Loads | FF  | LUTRAM | RAMB | DSP | GT | MMCM | PLL | Hard IP | Net                                              |
+-----------+-------+-----------------+------------+-------------+-----------------+-----+--------+------+-----+----+------+-----+---------+--------------------------------------------------+
| g1        | n/a   | BUFG/O          | None       |         119 |               0 | 119 |      0 |    0 |   0 |  0 |    0 |   0 |       0 | i_system_wrapper/system_i/sys_ps7/inst/FCLK_CLK0 |
+-----------+-------+-----------------+------------+-------------+-----------------+-----+--------+------+-----+----+------+-----+---------+--------------------------------------------------+
* Clock Loads column represents the clock pin loads (pin count)
** Non-Clock Loads column represents the non-clock pin loads (pin count)
*** Columns FF, LUTRAM, RAMB through 'Hard IP' represents load cell counts


16. Clock Region Cell Placement per Global Clock: Region X0Y4
-------------------------------------------------------------

+-----------+-------+-----------------+------------+-------------+-----------------+-----+--------+------+-----+----+------+-----+---------+--------------------------------------------------+
| Global Id | Track | Driver Type/Pin | Constraint | Clock Loads | Non-Clock Loads | FF  | LUTRAM | RAMB | DSP | GT | MMCM | PLL | Hard IP | Net                                              |
+-----------+-------+-----------------+------------+-------------+-----------------+-----+--------+------+-----+----+------+-----+---------+--------------------------------------------------+
| g1        | n/a   | BUFG/O          | None       |         307 |               0 | 306 |      1 |    0 |   0 |  0 |    0 |   0 |       0 | i_system_wrapper/system_i/sys_ps7/inst/FCLK_CLK0 |
+-----------+-------+-----------------+------------+-------------+-----------------+-----+--------+------+-----+----+------+-----+---------+--------------------------------------------------+
* Clock Loads column represents the clock pin loads (pin count)
** Non-Clock Loads column represents the non-clock pin loads (pin count)
*** Columns FF, LUTRAM, RAMB through 'Hard IP' represents load cell counts


17. Clock Region Cell Placement per Global Clock: Region X0Y5
-------------------------------------------------------------

+-----------+-------+-----------------+------------+-------------+-----------------+-----+--------+------+-----+----+------+-----+---------+--------------------------------------------------+
| Global Id | Track | Driver Type/Pin | Constraint | Clock Loads | Non-Clock Loads | FF  | LUTRAM | RAMB | DSP | GT | MMCM | PLL | Hard IP | Net                                              |
+-----------+-------+-----------------+------------+-------------+-----------------+-----+--------+------+-----+----+------+-----+---------+--------------------------------------------------+
| g1        | n/a   | BUFG/O          | None       |         266 |               0 | 257 |      9 |    0 |   0 |  0 |    0 |   0 |       0 | i_system_wrapper/system_i/sys_ps7/inst/FCLK_CLK0 |
+-----------+-------+-----------------+------------+-------------+-----------------+-----+--------+------+-----+----+------+-----+---------+--------------------------------------------------+
* Clock Loads column represents the clock pin loads (pin count)
** Non-Clock Loads column represents the non-clock pin loads (pin count)
*** Columns FF, LUTRAM, RAMB through 'Hard IP' represents load cell counts


18. Clock Region Cell Placement per Global Clock: Region X0Y6
-------------------------------------------------------------

+-----------+-------+-----------------+------------+-------------+-----------------+----+--------+------+-----+----+------+-----+---------+--------------------------------------------------+
| Global Id | Track | Driver Type/Pin | Constraint | Clock Loads | Non-Clock Loads | FF | LUTRAM | RAMB | DSP | GT | MMCM | PLL | Hard IP | Net                                              |
+-----------+-------+-----------------+------------+-------------+-----------------+----+--------+------+-----+----+------+-----+---------+--------------------------------------------------+
| g1        | n/a   | BUFG/O          | None       |           1 |               0 |  0 |      0 |    0 |   0 |  0 |    0 |   0 |       0 | i_system_wrapper/system_i/sys_ps7/inst/FCLK_CLK0 |
+-----------+-------+-----------------+------------+-------------+-----------------+----+--------+------+-----+----+------+-----+---------+--------------------------------------------------+
* Clock Loads column represents the clock pin loads (pin count)
** Non-Clock Loads column represents the non-clock pin loads (pin count)
*** Columns FF, LUTRAM, RAMB through 'Hard IP' represents load cell counts



# Location of BUFG Primitives 
set_property LOC BUFGCTRL_X0Y0 [get_cells i_system_wrapper/system_i/util_daq2_xcvr/inst/i_xch_0/i_tx_bufg]
set_property LOC BUFGCTRL_X0Y1 [get_cells i_system_wrapper/system_i/util_daq2_xcvr/inst/i_xch_0/i_rx_bufg]
set_property LOC BUFGCTRL_X0Y16 [get_cells i_system_wrapper/system_i/sys_ps7/inst/buffer_fclk_clk_0.FCLK_CLK_0_BUFG]

# Location of IO Primitives which is load of clock spine

# Location of clock ports

# Clock net "i_system_wrapper/system_i/util_daq2_xcvr/inst/i_xch_0/tx_out_clk_0" driven by instance "i_system_wrapper/system_i/util_daq2_xcvr/inst/i_xch_0/i_tx_bufg" located at site "BUFGCTRL_X0Y0"
#startgroup
create_pblock {CLKAG_i_system_wrapper/system_i/util_daq2_xcvr/inst/i_xch_0/tx_out_clk_0}
add_cells_to_pblock [get_pblocks  {CLKAG_i_system_wrapper/system_i/util_daq2_xcvr/inst/i_xch_0/tx_out_clk_0}] [get_cells -filter { PRIMITIVE_GROUP != I/O && IS_PRIMITIVE==1 && PRIMITIVE_LEVEL !=INTERNAL } -of_object [get_pins -filter {DIRECTION==IN} -of_objects [get_nets -hierarchical -filter {PARENT=="i_system_wrapper/system_i/util_daq2_xcvr/inst/i_xch_0/tx_out_clk_0"}]]]
resize_pblock [get_pblocks {CLKAG_i_system_wrapper/system_i/util_daq2_xcvr/inst/i_xch_0/tx_out_clk_0}] -add {CLOCKREGION_X0Y0:CLOCKREGION_X0Y0 CLOCKREGION_X0Y1:CLOCKREGION_X0Y1 CLOCKREGION_X0Y2:CLOCKREGION_X0Y2 CLOCKREGION_X1Y0:CLOCKREGION_X1Y0 CLOCKREGION_X1Y1:CLOCKREGION_X1Y1}
#endgroup

# Clock net "i_system_wrapper/system_i/util_daq2_xcvr/inst/i_xch_0/rx_out_clk_0" driven by instance "i_system_wrapper/system_i/util_daq2_xcvr/inst/i_xch_0/i_rx_bufg" located at site "BUFGCTRL_X0Y1"
#startgroup
create_pblock {CLKAG_i_system_wrapper/system_i/util_daq2_xcvr/inst/i_xch_0/rx_out_clk_0}
add_cells_to_pblock [get_pblocks  {CLKAG_i_system_wrapper/system_i/util_daq2_xcvr/inst/i_xch_0/rx_out_clk_0}] [get_cells -filter { PRIMITIVE_GROUP != I/O && IS_PRIMITIVE==1 && PRIMITIVE_LEVEL !=INTERNAL } -of_object [get_pins -filter {DIRECTION==IN} -of_objects [get_nets -hierarchical -filter {PARENT=="i_system_wrapper/system_i/util_daq2_xcvr/inst/i_xch_0/rx_out_clk_0"}]]]
resize_pblock [get_pblocks {CLKAG_i_system_wrapper/system_i/util_daq2_xcvr/inst/i_xch_0/rx_out_clk_0}] -add {CLOCKREGION_X0Y1:CLOCKREGION_X0Y1 CLOCKREGION_X0Y2:CLOCKREGION_X0Y2 CLOCKREGION_X1Y0:CLOCKREGION_X1Y0 CLOCKREGION_X1Y1:CLOCKREGION_X1Y1}
#endgroup

# Clock net "i_system_wrapper/system_i/sys_ps7/inst/FCLK_CLK0" driven by instance "i_system_wrapper/system_i/sys_ps7/inst/buffer_fclk_clk_0.FCLK_CLK_0_BUFG" located at site "BUFGCTRL_X0Y16"
#startgroup
create_pblock {CLKAG_i_system_wrapper/system_i/sys_ps7/inst/FCLK_CLK0}
add_cells_to_pblock [get_pblocks  {CLKAG_i_system_wrapper/system_i/sys_ps7/inst/FCLK_CLK0}] [get_cells -filter { PRIMITIVE_GROUP != I/O && IS_PRIMITIVE==1 && PRIMITIVE_LEVEL !=INTERNAL } -of_object [get_pins -filter {DIRECTION==IN} -of_objects [get_nets -hierarchical -filter {PARENT=="i_system_wrapper/system_i/sys_ps7/inst/FCLK_CLK0"}]]]
resize_pblock [get_pblocks {CLKAG_i_system_wrapper/system_i/sys_ps7/inst/FCLK_CLK0}] -add {CLOCKREGION_X0Y0:CLOCKREGION_X0Y0 CLOCKREGION_X0Y1:CLOCKREGION_X0Y1 CLOCKREGION_X0Y2:CLOCKREGION_X0Y2 CLOCKREGION_X0Y4:CLOCKREGION_X0Y4 CLOCKREGION_X0Y5:CLOCKREGION_X0Y5 CLOCKREGION_X0Y6:CLOCKREGION_X0Y6 CLOCKREGION_X1Y0:CLOCKREGION_X1Y0 CLOCKREGION_X1Y1:CLOCKREGION_X1Y1 CLOCKREGION_X1Y2:CLOCKREGION_X1Y2}
#endgroup
