Copyright 1986-2018 Xilinx, Inc. All Rights Reserved.
----------------------------------------------------------------------------------------
| Tool Version : Vivado v.2018.3 (win64) Build 2405991 Thu Dec  6 23:38:27 MST 2018
| Date         : Mon Jun 14 01:09:57 2021
| Host         : DESKTOP-4JJ62M2 running 64-bit major release  (build 9200)
| Command      : report_clock_utilization -file system_top_clock_utilization_routed.rpt
| Design       : system_top
| Device       : 7z045-ffg900
| Speed File   : -2  PRODUCTION 1.11 2014-09-11
----------------------------------------------------------------------------------------

Clock Utilization Report

Table of Contents
-----------------
1. Clock Primitive Utilization
2. Global Clock Resources
3. Global Clock Source Details
4. Local Clock Details
5. Clock Regions: Key Resource Utilization
6. Clock Regions : Global Clock Summary
7. Device Cell Placement Summary for Global Clock g0
8. Device Cell Placement Summary for Global Clock g1
9. Device Cell Placement Summary for Global Clock g2
10. Device Cell Placement Summary for Global Clock g3
11. Device Cell Placement Summary for Global Clock g4
12. Device Cell Placement Summary for Global Clock g5
13. Device Cell Placement Summary for Global Clock g6
14. Device Cell Placement Summary for Global Clock g7
15. Device Cell Placement Summary for Global Clock g8
16. Device Cell Placement Summary for Global Clock g9
17. Device Cell Placement Summary for Global Clock g10
18. Device Cell Placement Summary for Global Clock g11
19. Clock Region Cell Placement per Global Clock: Region X0Y0
20. Clock Region Cell Placement per Global Clock: Region X1Y0
21. Clock Region Cell Placement per Global Clock: Region X0Y1
22. Clock Region Cell Placement per Global Clock: Region X1Y1
23. Clock Region Cell Placement per Global Clock: Region X0Y2
24. Clock Region Cell Placement per Global Clock: Region X1Y2
25. Clock Region Cell Placement per Global Clock: Region X0Y3
26. Clock Region Cell Placement per Global Clock: Region X1Y3
27. Clock Region Cell Placement per Global Clock: Region X0Y4
28. Clock Region Cell Placement per Global Clock: Region X1Y4
29. Clock Region Cell Placement per Global Clock: Region X0Y5
30. Clock Region Cell Placement per Global Clock: Region X1Y5
31. Clock Region Cell Placement per Global Clock: Region X0Y6
32. Clock Region Cell Placement per Global Clock: Region X1Y6

1. Clock Primitive Utilization
------------------------------

+----------+------+-----------+-----+--------------+--------+
| Type     | Used | Available | LOC | Clock Region | Pblock |
+----------+------+-----------+-----+--------------+--------+
| BUFGCTRL |   11 |        32 |   0 |            0 |      0 |
| BUFH     |    1 |       168 |   0 |            0 |      0 |
| BUFIO    |    0 |        32 |   0 |            0 |      0 |
| BUFMR    |    0 |        16 |   0 |            0 |      0 |
| BUFR     |    0 |        32 |   0 |            0 |      0 |
| MMCM     |    4 |         8 |   1 |            0 |      0 |
| PLL      |    1 |         8 |   1 |            0 |      0 |
+----------+------+-----------+-----+--------------+--------+


2. Global Clock Resources
-------------------------

+-----------+-----------+-----------------+------------+----------------+--------------+-------------------+-------------+-----------------+--------------+------------------------------------+-----------------------------------------------------------------------------------------------------------------------------------------+-------------------------------------------------------------------------------------------------------------------------------------------+
| Global Id | Source Id | Driver Type/Pin | Constraint | Site           | Clock Region | Load Clock Region | Clock Loads | Non-Clock Loads | Clock Period | Clock                              | Driver Pin                                                                                                                              | Net                                                                                                                                       |
+-----------+-----------+-----------------+------------+----------------+--------------+-------------------+-------------+-----------------+--------------+------------------------------------+-----------------------------------------------------------------------------------------------------------------------------------------+-------------------------------------------------------------------------------------------------------------------------------------------+
| g0        | src0      | BUFG/O          | None       | BUFGCTRL_X0Y0  | n/a          |                12 |       19813 |               0 |        4.000 | tx_div_clk                         | i_system_wrapper/system_i/util_daq2_xcvr/inst/i_xch_0/i_tx_bufg/O                                                                       | i_system_wrapper/system_i/util_daq2_xcvr/inst/i_xch_0/tx_out_clk_0                                                                        |
| g1        | src1      | BUFG/O          | None       | BUFGCTRL_X0Y16 | n/a          |                 4 |       18970 |               0 |        5.000 | clk_pll_i                          | i_system_wrapper/system_i/axi_ddr_cntrl/u_system_axi_ddr_cntrl_0_mig/u_ddr3_infrastructure/u_bufg_clkdiv0/O                             | i_system_wrapper/system_i/axi_ddr_cntrl/u_system_axi_ddr_cntrl_0_mig/u_ddr3_infrastructure/CLK                                            |
| g2        | src2      | BUFG/O          | None       | BUFGCTRL_X0Y17 | n/a          |                12 |       12201 |               0 |       10.000 | clk_fpga_0                         | i_system_wrapper/system_i/sys_ps7/inst/buffer_fclk_clk_0.FCLK_CLK_0_BUFG/O                                                              | i_system_wrapper/system_i/sys_ps7/inst/FCLK_CLK0                                                                                          |
| g3        | src0      | BUFG/O          | None       | BUFGCTRL_X0Y1  | n/a          |                 7 |        4042 |               0 |        4.000 | rx_div_clk                         | i_system_wrapper/system_i/util_daq2_xcvr/inst/i_xch_0/i_rx_bufg/O                                                                       | i_system_wrapper/system_i/util_daq2_xcvr/inst/i_xch_0/rx_out_clk_0                                                                        |
| g4        | src3      | BUFG/O          | None       | BUFGCTRL_X0Y2  | n/a          |                 3 |         926 |               0 |        6.735 | mmcm_clk_0_s                       | i_system_wrapper/system_i/axi_hdmi_clkgen/inst/i_mmcm_drp/i_clk_0_bufg/O                                                                | i_system_wrapper/system_i/axi_hdmi_clkgen/inst/i_mmcm_drp/clk_0                                                                           |
| g5        | src1      | BUFG/O          | None       | BUFGCTRL_X0Y18 | n/a          |                 3 |          22 |               0 |       10.000 | mmcm_ps_clk_bufg_in                | i_system_wrapper/system_i/axi_ddr_cntrl/u_system_axi_ddr_cntrl_0_mig/u_ddr3_infrastructure/gen_ui_extra_clocks.u_bufg_mmcm_ps_clk/O     | i_system_wrapper/system_i/axi_ddr_cntrl/u_system_axi_ddr_cntrl_0_mig/u_ddr3_infrastructure/mmcm_ps_clk                                    |
| g6        | src4      | BUFG/O          | None       | BUFGCTRL_X0Y19 | n/a          |                 3 |          18 |               0 |        2.500 | clk_ref_mmcm_400                   | i_system_wrapper/system_i/axi_ddr_cntrl/u_system_axi_ddr_cntrl_0_mig/u_iodelay_ctrl/clk_ref_300_400_en.clk_ref_400.u_bufg_clk_ref_400/O | i_system_wrapper/system_i/axi_ddr_cntrl/u_system_axi_ddr_cntrl_0_mig/u_iodelay_ctrl/clk_ref_300_400_en.clk_ref_400.u_bufg_clk_ref_400_n_0 |
| g7        | src5      | BUFG/O          | None       | BUFGCTRL_X0Y20 | n/a          |                 1 |          13 |               0 |        5.000 | sys_clk_p                          | i_system_wrapper/system_i/axi_ddr_cntrl/u_system_axi_ddr_cntrl_0_mig/u_iodelay_ctrl/clk_ref_200.u_bufg_clk_ref/O                        | i_system_wrapper/system_i/axi_ddr_cntrl/u_system_axi_ddr_cntrl_0_mig/u_iodelay_ctrl/clk_ref_200.u_bufg_clk_ref_n_0                        |
| g8        | src6      | BUFG/O          | None       | BUFGCTRL_X0Y21 | n/a          |                 1 |           2 |               0 |       81.380 | clk_out1_system_sys_audio_clkgen_0 | i_system_wrapper/system_i/sys_audio_clkgen/inst/clkout1_buf/O                                                                           | i_system_wrapper/system_i/sys_audio_clkgen/inst/clk_out1                                                                                  |
| g9        | src2      | BUFG/O          | None       | BUFGCTRL_X0Y22 | n/a          |                 2 |           2 |               0 |        5.000 | clk_fpga_1                         | i_system_wrapper/system_i/sys_ps7/inst/buffer_fclk_clk_1.FCLK_CLK_1_BUFG/O                                                              | i_system_wrapper/system_i/sys_ps7/inst/FCLK_CLK1                                                                                          |
| g10       | src7      | BUFH/O          | None       | BUFHCE_X1Y60   | X1Y5         |                 1 |           1 |               0 |        5.000 | pll_clk3_out                       | i_system_wrapper/system_i/axi_ddr_cntrl/u_system_axi_ddr_cntrl_0_mig/u_ddr3_infrastructure/u_bufh_pll_clk3/O                            | i_system_wrapper/system_i/axi_ddr_cntrl/u_system_axi_ddr_cntrl_0_mig/u_ddr3_infrastructure/pll_clk3                                       |
| g11       | src3      | BUFG/O          | None       | BUFGCTRL_X0Y3  | n/a          |                 1 |           1 |               0 |       55.000 | mmcm_fb_clk_s                      | i_system_wrapper/system_i/axi_hdmi_clkgen/inst/i_mmcm_drp/i_fb_clk_bufg/O                                                               | i_system_wrapper/system_i/axi_hdmi_clkgen/inst/i_mmcm_drp/bufg_fb_clk_s                                                                   |
+-----------+-----------+-----------------+------------+----------------+--------------+-------------------+-------------+-----------------+--------------+------------------------------------+-----------------------------------------------------------------------------------------------------------------------------------------+-------------------------------------------------------------------------------------------------------------------------------------------+
* Clock Loads column represents the clock pin loads (pin count)
** Non-Clock Loads column represents the non-clock pin loads (pin count)


3. Global Clock Source Details
------------------------------

+-----------+-----------+------------------------+--------------------+--------------------+--------------+-------------+-----------------+---------------------+------------------------------------+--------------------------------------------------------------------------------------------------------------------------------+----------------------------------------------------------------------------------------------------------------+
| Source Id | Global Id | Driver Type/Pin        | Constraint         | Site               | Clock Region | Clock Loads | Non-Clock Loads | Source Clock Period | Source Clock                       | Driver Pin                                                                                                                     | Net                                                                                                            |
+-----------+-----------+------------------------+--------------------+--------------------+--------------+-------------+-----------------+---------------------+------------------------------------+--------------------------------------------------------------------------------------------------------------------------------+----------------------------------------------------------------------------------------------------------------+
| src0      | g3        | GTXE2_CHANNEL/RXOUTCLK | GTXE2_CHANNEL_X0Y3 | GTXE2_CHANNEL_X0Y3 | X1Y0         |           1 |               0 |               4.000 | rx_div_clk                         | i_system_wrapper/system_i/util_daq2_xcvr/inst/i_xch_0/i_gtxe2_channel/RXOUTCLK                                                 | i_system_wrapper/system_i/util_daq2_xcvr/inst/i_xch_0/rx_out_clk_s                                             |
| src0      | g0        | GTXE2_CHANNEL/TXOUTCLK | GTXE2_CHANNEL_X0Y3 | GTXE2_CHANNEL_X0Y3 | X1Y0         |           1 |               0 |               4.000 | tx_div_clk                         | i_system_wrapper/system_i/util_daq2_xcvr/inst/i_xch_0/i_gtxe2_channel/TXOUTCLK                                                 | i_system_wrapper/system_i/util_daq2_xcvr/inst/i_xch_0/tx_out_clk_s                                             |
| src1      | g1        | MMCME2_ADV/CLKFBOUT    | MMCME2_ADV_X1Y5    | MMCME2_ADV_X1Y5    | X1Y5         |           1 |               0 |               5.000 | clk_pll_i                          | i_system_wrapper/system_i/axi_ddr_cntrl/u_system_axi_ddr_cntrl_0_mig/u_ddr3_infrastructure/gen_ui_extra_clocks.mmcm_i/CLKFBOUT | i_system_wrapper/system_i/axi_ddr_cntrl/u_system_axi_ddr_cntrl_0_mig/u_ddr3_infrastructure/clk_pll_i           |
| src1      | g5        | MMCME2_ADV/CLKOUT5     | MMCME2_ADV_X1Y5    | MMCME2_ADV_X1Y5    | X1Y5         |           1 |               0 |              10.000 | mmcm_ps_clk_bufg_in                | i_system_wrapper/system_i/axi_ddr_cntrl/u_system_axi_ddr_cntrl_0_mig/u_ddr3_infrastructure/gen_ui_extra_clocks.mmcm_i/CLKOUT5  | i_system_wrapper/system_i/axi_ddr_cntrl/u_system_axi_ddr_cntrl_0_mig/u_ddr3_infrastructure/mmcm_ps_clk_bufg_in |
| src2      | g2        | PS7/FCLKCLK[0]         | PS7_X0Y0           | PS7_X0Y0           | X0Y6         |           1 |               0 |              10.000 | clk_fpga_0                         | i_system_wrapper/system_i/sys_ps7/inst/PS7_i/FCLKCLK[0]                                                                        | i_system_wrapper/system_i/sys_ps7/inst/FCLK_CLK_unbuffered[0]                                                  |
| src2      | g9        | PS7/FCLKCLK[1]         | PS7_X0Y0           | PS7_X0Y0           | X0Y6         |           1 |               0 |               5.000 | clk_fpga_1                         | i_system_wrapper/system_i/sys_ps7/inst/PS7_i/FCLKCLK[1]                                                                        | i_system_wrapper/system_i/sys_ps7/inst/FCLK_CLK_unbuffered[1]                                                  |
| src3      | g4        | MMCME2_ADV/CLKOUT0     | None               | MMCME2_ADV_X0Y2    | X0Y2         |           1 |               0 |               6.735 | mmcm_clk_0_s                       | i_system_wrapper/system_i/axi_hdmi_clkgen/inst/i_mmcm_drp/i_mmcm/CLKOUT0                                                       | i_system_wrapper/system_i/axi_hdmi_clkgen/inst/i_mmcm_drp/mmcm_clk_0_s                                         |
| src3      | g11       | MMCME2_ADV/CLKFBOUT    | None               | MMCME2_ADV_X0Y2    | X0Y2         |           1 |               0 |              55.000 | mmcm_fb_clk_s                      | i_system_wrapper/system_i/axi_hdmi_clkgen/inst/i_mmcm_drp/i_mmcm/CLKFBOUT                                                      | i_system_wrapper/system_i/axi_hdmi_clkgen/inst/i_mmcm_drp/mmcm_fb_clk_s                                        |
| src4      | g6        | MMCME2_ADV/CLKOUT1     | None               | MMCME2_ADV_X0Y4    | X0Y4         |           1 |               0 |               2.500 | clk_ref_mmcm_400                   | i_system_wrapper/system_i/axi_ddr_cntrl/u_system_axi_ddr_cntrl_0_mig/u_iodelay_ctrl/clk_ref_mmcm_gen.mmcm_i/CLKOUT1            | i_system_wrapper/system_i/axi_ddr_cntrl/u_system_axi_ddr_cntrl_0_mig/u_iodelay_ctrl/clk_ref_mmcm_400           |
| src5      | g7        | IBUFDS/O               | IOB_X1Y274         | IOB_X1Y274         | X1Y5         |           3 |               0 |               5.000 | sys_clk_p                          | i_system_wrapper/system_i/axi_ddr_cntrl/u_system_axi_ddr_cntrl_0_mig/u_ddr3_clk_ibuf/diff_input_clk.u_ibufg_sys_clk/O          | i_system_wrapper/system_i/axi_ddr_cntrl/u_system_axi_ddr_cntrl_0_mig/u_ddr3_clk_ibuf/sys_clk_ibufg             |
| src6      | g8        | MMCME2_ADV/CLKOUT0     | None               | MMCME2_ADV_X1Y6    | X1Y6         |           1 |               0 |              81.380 | clk_out1_system_sys_audio_clkgen_0 | i_system_wrapper/system_i/sys_audio_clkgen/inst/mmcm_adv_inst/CLKOUT0                                                          | i_system_wrapper/system_i/sys_audio_clkgen/inst/clk_out1_system_sys_audio_clkgen_0                             |
| src7      | g10       | PLLE2_ADV/CLKOUT3      | PLLE2_ADV_X1Y5     | PLLE2_ADV_X1Y5     | X1Y5         |           1 |               0 |               5.000 | pll_clk3_out                       | i_system_wrapper/system_i/axi_ddr_cntrl/u_system_axi_ddr_cntrl_0_mig/u_ddr3_infrastructure/plle2_i/CLKOUT3                     | i_system_wrapper/system_i/axi_ddr_cntrl/u_system_axi_ddr_cntrl_0_mig/u_ddr3_infrastructure/pll_clk3_out        |
+-----------+-----------+------------------------+--------------------+--------------------+--------------+-------------+-----------------+---------------------+------------------------------------+--------------------------------------------------------------------------------------------------------------------------------+----------------------------------------------------------------------------------------------------------------+
* Clock Loads column represents the clock pin loads (pin count)
** Non-Clock Loads column represents the non-clock pin loads (pin count)


4. Local Clock Details
----------------------

+----------+----------------------------+----------------------+-------------------------------------+--------------+-------------+-----------------+--------------+----------------+-------------------------------------------------------------------------------------------------------------------------------------------------------------------------------------------------------------------------------------------+----------------------------------------------------------------------------------------------------------------------------------------------------------------------------------------------------------------------------------------+
| Local Id | Driver Type/Pin            | Constraint           | Site/BEL                            | Clock Region | Clock Loads | Non-Clock Loads | Clock Period | Clock          | Driver Pin                                                                                                                                                                                                                                | Net                                                                                                                                                                                                                                    |
+----------+----------------------------+----------------------+-------------------------------------+--------------+-------------+-----------------+--------------+----------------+-------------------------------------------------------------------------------------------------------------------------------------------------------------------------------------------------------------------------------------------+----------------------------------------------------------------------------------------------------------------------------------------------------------------------------------------------------------------------------------------||
| 0        | PLLE2_ADV/CLKOUT0          | PLLE2_ADV_X1Y5       | PLLE2_ADV_X1Y5/PLLE2_ADV            | X1Y5         |          14 |               8 |        1.250 | freq_refclk    | i_system_wrapper/system_i/axi_ddr_cntrl/u_system_axi_ddr_cntrl_0_mig/u_ddr3_infrastructure/plle2_i/CLKOUT0                                                                                                                                | i_system_wrapper/system_i/axi_ddr_cntrl/u_system_axi_ddr_cntrl_0_mig/u_ddr3_infrastructure/freq_refclk                                                                                                                                 - Static -
| 1        | PS7/EMIOSPI0SCLKO          | PS7_X0Y0             | PS7_X0Y0/PS7                        | X0Y6         |           8 |               2 |              |                | i_system_wrapper/system_i/sys_ps7/inst/PS7_i/EMIOSPI0SCLKO                                                                                                                                                                                | i_system_wrapper/system_i/sys_ps7/inst/SPI0_SCLK_O                                                                                                                                                                                     - Static -
| 2        | PLLE2_ADV/CLKOUT1          | PLLE2_ADV_X1Y5       | PLLE2_ADV_X1Y5/PLLE2_ADV            | X1Y5         |           3 |              19 |        1.250 | mem_refclk     | i_system_wrapper/system_i/axi_ddr_cntrl/u_system_axi_ddr_cntrl_0_mig/u_ddr3_infrastructure/plle2_i/CLKOUT1                                                                                                                                | i_system_wrapper/system_i/axi_ddr_cntrl/u_system_axi_ddr_cntrl_0_mig/u_ddr3_infrastructure/mem_refclk                                                                                                                                  - Static -
| 3        | PHASER_OUT_PHY/OCLKDELAYED | PHASER_OUT_PHY_X1Y24 | PHASER_OUT_PHY_X1Y24/PHASER_OUT_PHY | X1Y6         |           2 |               0 |        1.250 | oserdes_clk    | i_system_wrapper/system_i/axi_ddr_cntrl/u_system_axi_ddr_cntrl_0_mig/u_memc_ui_top_axi/mem_intfc0/ddr_phy_top0/u_ddr_mc_phy_wrapper/u_ddr_mc_phy/ddr_phy_4lanes_0.u_ddr_phy_4lanes/ddr_byte_lane_A.ddr_byte_lane_A/phaser_out/OCLKDELAYED | i_system_wrapper/system_i/axi_ddr_cntrl/u_system_axi_ddr_cntrl_0_mig/u_memc_ui_top_axi/mem_intfc0/ddr_phy_top0/u_ddr_mc_phy_wrapper/u_ddr_mc_phy/ddr_phy_4lanes_0.u_ddr_phy_4lanes/ddr_byte_lane_A.ddr_byte_lane_A/oserdes_clk_delayed - Static -
| 4        | PHASER_OUT_PHY/OCLKDELAYED | PHASER_OUT_PHY_X1Y25 | PHASER_OUT_PHY_X1Y25/PHASER_OUT_PHY | X1Y6         |           2 |               0 |        1.250 | oserdes_clk_1  | i_system_wrapper/system_i/axi_ddr_cntrl/u_system_axi_ddr_cntrl_0_mig/u_memc_ui_top_axi/mem_intfc0/ddr_phy_top0/u_ddr_mc_phy_wrapper/u_ddr_mc_phy/ddr_phy_4lanes_0.u_ddr_phy_4lanes/ddr_byte_lane_B.ddr_byte_lane_B/phaser_out/OCLKDELAYED | i_system_wrapper/system_i/axi_ddr_cntrl/u_system_axi_ddr_cntrl_0_mig/u_memc_ui_top_axi/mem_intfc0/ddr_phy_top0/u_ddr_mc_phy_wrapper/u_ddr_mc_phy/ddr_phy_4lanes_0.u_ddr_phy_4lanes/ddr_byte_lane_B.ddr_byte_lane_B/oserdes_clk_delayed - Static -
| 5        | PHASER_OUT_PHY/OCLKDELAYED | PHASER_OUT_PHY_X1Y26 | PHASER_OUT_PHY_X1Y26/PHASER_OUT_PHY | X1Y6         |           2 |               0 |        1.250 | oserdes_clk_2  | i_system_wrapper/system_i/axi_ddr_cntrl/u_system_axi_ddr_cntrl_0_mig/u_memc_ui_top_axi/mem_intfc0/ddr_phy_top0/u_ddr_mc_phy_wrapper/u_ddr_mc_phy/ddr_phy_4lanes_0.u_ddr_phy_4lanes/ddr_byte_lane_C.ddr_byte_lane_C/phaser_out/OCLKDELAYED | i_system_wrapper/system_i/axi_ddr_cntrl/u_system_axi_ddr_cntrl_0_mig/u_memc_ui_top_axi/mem_intfc0/ddr_phy_top0/u_ddr_mc_phy_wrapper/u_ddr_mc_phy/ddr_phy_4lanes_0.u_ddr_phy_4lanes/ddr_byte_lane_C.ddr_byte_lane_C/oserdes_clk_delayed - Static -
| 6        | PHASER_OUT_PHY/OCLKDELAYED | PHASER_OUT_PHY_X1Y20 | PHASER_OUT_PHY_X1Y20/PHASER_OUT_PHY | X1Y5         |           2 |               0 |        1.250 | oserdes_clk_3  | i_system_wrapper/system_i/axi_ddr_cntrl/u_system_axi_ddr_cntrl_0_mig/u_memc_ui_top_axi/mem_intfc0/ddr_phy_top0/u_ddr_mc_phy_wrapper/u_ddr_mc_phy/ddr_phy_4lanes_1.u_ddr_phy_4lanes/ddr_byte_lane_A.ddr_byte_lane_A/phaser_out/OCLKDELAYED | i_system_wrapper/system_i/axi_ddr_cntrl/u_system_axi_ddr_cntrl_0_mig/u_memc_ui_top_axi/mem_intfc0/ddr_phy_top0/u_ddr_mc_phy_wrapper/u_ddr_mc_phy/ddr_phy_4lanes_1.u_ddr_phy_4lanes/ddr_byte_lane_A.ddr_byte_lane_A/oserdes_clk_delayed - Static -
| 7        | PHASER_OUT_PHY/OCLKDELAYED | PHASER_OUT_PHY_X1Y16 | PHASER_OUT_PHY_X1Y16/PHASER_OUT_PHY | X1Y4         |           2 |               0 |        1.250 | oserdes_clk_7  | i_system_wrapper/system_i/axi_ddr_cntrl/u_system_axi_ddr_cntrl_0_mig/u_memc_ui_top_axi/mem_intfc0/ddr_phy_top0/u_ddr_mc_phy_wrapper/u_ddr_mc_phy/ddr_phy_4lanes_2.u_ddr_phy_4lanes/ddr_byte_lane_A.ddr_byte_lane_A/phaser_out/OCLKDELAYED | i_system_wrapper/system_i/axi_ddr_cntrl/u_system_axi_ddr_cntrl_0_mig/u_memc_ui_top_axi/mem_intfc0/ddr_phy_top0/u_ddr_mc_phy_wrapper/u_ddr_mc_phy/ddr_phy_4lanes_2.u_ddr_phy_4lanes/ddr_byte_lane_A.ddr_byte_lane_A/oserdes_clk_delayed - Static -
| 8        | PHASER_OUT_PHY/OCLKDELAYED | PHASER_OUT_PHY_X1Y17 | PHASER_OUT_PHY_X1Y17/PHASER_OUT_PHY | X1Y4         |           2 |               0 |        1.250 | oserdes_clk_8  | i_system_wrapper/system_i/axi_ddr_cntrl/u_system_axi_ddr_cntrl_0_mig/u_memc_ui_top_axi/mem_intfc0/ddr_phy_top0/u_ddr_mc_phy_wrapper/u_ddr_mc_phy/ddr_phy_4lanes_2.u_ddr_phy_4lanes/ddr_byte_lane_B.ddr_byte_lane_B/phaser_out/OCLKDELAYED | i_system_wrapper/system_i/axi_ddr_cntrl/u_system_axi_ddr_cntrl_0_mig/u_memc_ui_top_axi/mem_intfc0/ddr_phy_top0/u_ddr_mc_phy_wrapper/u_ddr_mc_phy/ddr_phy_4lanes_2.u_ddr_phy_4lanes/ddr_byte_lane_B.ddr_byte_lane_B/oserdes_clk_delayed - Static -
| 9        | PHASER_OUT_PHY/OCLKDELAYED | PHASER_OUT_PHY_X1Y18 | PHASER_OUT_PHY_X1Y18/PHASER_OUT_PHY | X1Y4         |           2 |               0 |        1.250 | oserdes_clk_9  | i_system_wrapper/system_i/axi_ddr_cntrl/u_system_axi_ddr_cntrl_0_mig/u_memc_ui_top_axi/mem_intfc0/ddr_phy_top0/u_ddr_mc_phy_wrapper/u_ddr_mc_phy/ddr_phy_4lanes_2.u_ddr_phy_4lanes/ddr_byte_lane_C.ddr_byte_lane_C/phaser_out/OCLKDELAYED | i_system_wrapper/system_i/axi_ddr_cntrl/u_system_axi_ddr_cntrl_0_mig/u_memc_ui_top_axi/mem_intfc0/ddr_phy_top0/u_ddr_mc_phy_wrapper/u_ddr_mc_phy/ddr_phy_4lanes_2.u_ddr_phy_4lanes/ddr_byte_lane_C.ddr_byte_lane_C/oserdes_clk_delayed - Static -
| 10       | PHASER_OUT_PHY/OCLKDELAYED | PHASER_OUT_PHY_X1Y19 | PHASER_OUT_PHY_X1Y19/PHASER_OUT_PHY | X1Y4         |           2 |               0 |        1.250 | oserdes_clk_10 | i_system_wrapper/system_i/axi_ddr_cntrl/u_system_axi_ddr_cntrl_0_mig/u_memc_ui_top_axi/mem_intfc0/ddr_phy_top0/u_ddr_mc_phy_wrapper/u_ddr_mc_phy/ddr_phy_4lanes_2.u_ddr_phy_4lanes/ddr_byte_lane_D.ddr_byte_lane_D/phaser_out/OCLKDELAYED | i_system_wrapper/system_i/axi_ddr_cntrl/u_system_axi_ddr_cntrl_0_mig/u_memc_ui_top_axi/mem_intfc0/ddr_phy_top0/u_ddr_mc_phy_wrapper/u_ddr_mc_phy/ddr_phy_4lanes_2.u_ddr_phy_4lanes/ddr_byte_lane_D.ddr_byte_lane_D/oserdes_clk_delayed - Static -
+----------+----------------------------+----------------------+-------------------------------------+--------------+-------------+-----------------+--------------+----------------+-------------------------------------------------------------------------------------------------------------------------------------------------------------------------------------------------------------------------------------------+----------------------------------------------------------------------------------------------------------------------------------------------------------------------------------------------------------------------------------------||
* Local Clocks in this context represents only clocks driven by non-global buffers
** Clock Loads column represents the clock pin loads (pin count)
*** Non-Clock Loads column represents the non-clock pin loads (pin count)


5. Clock Regions: Key Resource Utilization
------------------------------------------

+-------------------+--------------+--------------+--------------+--------------+--------------+--------------+--------------+--------------+--------------+--------------+---------------+--------------+--------------+--------------+--------------+
|                   | Global Clock |     BUFRs    |    BUFMRs    |    BUFIOs    |     MMCM     |      PLL     |      GT      |      PCI     |    ILOGIC    |    OLOGIC    |       FF      |     LUTM     |    RAMB18    |    RAMB36    |    DSP48E2   |
+-------------------+------+-------+------+-------+------+-------+------+-------+------+-------+------+-------+------+-------+------+-------+------+-------+------+-------+-------+-------+------+-------+------+-------+------+-------+------+-------+
| Clock Region Name | Used | Avail | Used | Avail | Used | Avail | Used | Avail | Used | Avail | Used | Avail | Used | Avail | Used | Avail | Used | Avail | Used | Avail | Used  | Avail | Used | Avail | Used | Avail | Used | Avail | Used | Avail |
+-------------------+------+-------+------+-------+------+-------+------+-------+------+-------+------+-------+------+-------+------+-------+------+-------+------+-------+-------+-------+------+-------+------+-------+------+-------+------+-------+
| X0Y0              |    1 |    12 |    0 |     4 |    0 |     2 |    0 |     4 |    0 |     1 |    0 |     1 |    0 |     0 |    0 |     0 |    0 |    50 |    0 |    50 |    96 |  4500 |   20 |  1600 |    0 |    80 |    0 |    40 |    0 |    80 |
| X1Y0              |    3 |    12 |    0 |     0 |    0 |     0 |    0 |     0 |    0 |     0 |    0 |     0 |    4 |     4 |    0 |     0 |    0 |     0 |    0 |     0 |  4827 |  3700 | 1514 |  1050 |    1 |    80 |    0 |    40 |    0 |    60 |
| X0Y1              |    2 |    12 |    0 |     4 |    0 |     2 |    0 |     4 |    0 |     1 |    0 |     1 |    0 |     0 |    0 |     0 |    0 |    50 |    0 |    50 |  4564 |  4500 | 1094 |  1600 |    0 |    80 |   19 |    40 |    0 |    80 |
| X1Y1              |    3 |    12 |    0 |     0 |    0 |     0 |    0 |     0 |    0 |     0 |    0 |     0 |    0 |     4 |    0 |     0 |    0 |     0 |    0 |     0 | 12322 |  3700 | 3624 |  1050 |    0 |    80 |   10 |    40 |   16 |    60 |
| X0Y2              |    6 |    12 |    0 |     4 |    0 |     2 |    0 |     4 |    1 |     1 |    0 |     1 |    0 |     0 |    0 |     0 |    2 |    50 |    1 |    50 |   252 |  4500 |  121 |  1600 |    0 |    80 |   40 |    40 |    0 |    80 |
| X1Y2              |    3 |    12 |    0 |     0 |    0 |     0 |    0 |     0 |    0 |     0 |    0 |     0 |    0 |     4 |    0 |     0 |    0 |     0 |    0 |     0 |  3756 |  3700 | 1149 |  1050 |    0 |    80 |   29 |    40 |    0 |    60 |
| X0Y3              |    5 |    12 |    0 |     4 |    0 |     2 |    0 |     4 |    0 |     1 |    0 |     1 |    0 |     0 |    0 |     0 |    0 |    50 |   14 |    50 |  3071 |  4500 | 1010 |  1600 |    0 |    80 |   40 |    40 |    0 |    80 |
| X1Y3              |    3 |    12 |    0 |     0 |    0 |     0 |    0 |     0 |    0 |     0 |    0 |     0 |    0 |     4 |    0 |     1 |    0 |     0 |    0 |     0 |  1719 |  3550 |  487 |  1000 |    0 |    70 |   33 |    35 |    0 |    60 |
| X0Y4              |    4 |    12 |    0 |     4 |    0 |     2 |    0 |     4 |    0 |     1 |    0 |     1 |    0 |     0 |    0 |     0 |    0 |    50 |   13 |    50 |  2395 |  4500 | 1123 |  1600 |    0 |    80 |   39 |    40 |    9 |    80 |
| X1Y4              |    6 |    12 |    0 |     4 |    0 |     2 |    0 |     4 |    0 |     1 |    0 |     1 |    0 |     0 |    0 |     0 |    4 |    50 |    8 |    50 |  9901 |  4100 | 2733 |  1150 |    0 |   100 |   40 |    50 |    0 |    60 |
| X0Y5              |    2 |    12 |    0 |     0 |    0 |     0 |    0 |     0 |    0 |     0 |    0 |     0 |    0 |     0 |    0 |     0 |    0 |     0 |    0 |     0 |  1855 |  3200 |  729 |  1000 |    0 |    40 |   14 |    20 |    0 |    40 |
| X1Y5              |    6 |    12 |    0 |     4 |    0 |     2 |    0 |     4 |    1 |     1 |    0 |     1 |    0 |     0 |    0 |     0 |    1 |    50 |    2 |    50 |  6739 |  3500 | 2193 |  1150 |    0 |   100 |   14 |    50 |    0 |    60 |
| X0Y6              |    1 |    12 |    0 |     0 |    0 |     0 |    0 |     0 |    0 |     0 |    0 |     0 |    0 |     0 |    0 |     0 |    0 |     0 |    0 |     0 |    58 |  3200 |   33 |  1000 |    0 |    40 |    0 |    20 |    0 |    40 |
| X1Y6              |    5 |    12 |    0 |     4 |    0 |     2 |    0 |     4 |    1 |     1 |    0 |     1 |    0 |     0 |    0 |     0 |    3 |    50 |    6 |    50 |  2421 |  3500 |  765 |  1150 |    0 |   100 |    0 |    50 |    0 |    60 |
+-------------------+------+-------+------+-------+------+-------+------+-------+------+-------+------+-------+------+-------+------+-------+------+-------+------+-------+-------+-------+------+-------+------+-------+------+-------+------+-------+
* Global Clock column represents track count; while other columns represents cell counts


6. Clock Regions : Global Clock Summary
---------------------------------------

All Modules
+----+----+----+
|    | X0 | X1 |
+----+----+----+
| Y6 |  1 |  5 |
| Y5 |  2 |  6 |
| Y4 |  4 |  6 |
| Y3 |  5 |  3 |
| Y2 |  6 |  3 |
| Y1 |  2 |  3 |
| Y0 |  1 |  3 |
+----+----+----+


7. Device Cell Placement Summary for Global Clock g0
----------------------------------------------------

+-----------+-----------------+-------------------+------------+-------------+---------------+-------------+----------+----------------+----------+--------------------------------------------------------------------+
| Global Id | Driver Type/Pin | Driver Region (D) | Clock      | Period (ns) | Waveform (ns) | Slice Loads | IO Loads | Clocking Loads | GT Loads | Net                                                                |
+-----------+-----------------+-------------------+------------+-------------+---------------+-------------+----------+----------------+----------+--------------------------------------------------------------------+
| g0        | BUFG/O          | n/a               | tx_div_clk |       4.000 | {0.000 2.000} |       19805 |        0 |              0 |        4 | i_system_wrapper/system_i/util_daq2_xcvr/inst/i_xch_0/tx_out_clk_0 |
+-----------+-----------------+-------------------+------------+-------------+---------------+-------------+----------+----------------+----------+--------------------------------------------------------------------+
* Logic Loads column represents load cell count of all cell types other than IO, GT and clock resources
** IO Loads column represents load cell count of IO types
*** Clocking Loads column represents load cell count that are clock resources (global clock buffer, MMCM, PLL, etc)
**** GT Loads column represents load cell count of GT types


+----+-------+--------+
|    | X0    | X1     |
+----+-------+--------+
| Y6 |     0 |      0 |
| Y5 |    19 |      9 |
| Y4 |    57 |     49 |
| Y3 |   384 |    322 |
| Y2 |   107 |   3132 |
| Y1 |  4478 |  10196 |
| Y0 |    96 |    960 |
+----+-------+--------+


8. Device Cell Placement Summary for Global Clock g1
----------------------------------------------------

+-----------+-----------------+-------------------+-----------+-------------+---------------+-------------+----------+----------------+----------+------------------------------------------------------------------------------------------------+
| Global Id | Driver Type/Pin | Driver Region (D) | Clock     | Period (ns) | Waveform (ns) | Slice Loads | IO Loads | Clocking Loads | GT Loads | Net                                                                                            |
+-----------+-----------------+-------------------+-----------+-------------+---------------+-------------+----------+----------------+----------+------------------------------------------------------------------------------------------------+
| g1        | BUFG/O          | n/a               | clk_pll_i |       5.000 | {0.000 2.500} |       18546 |        0 |              1 |        0 | i_system_wrapper/system_i/axi_ddr_cntrl/u_system_axi_ddr_cntrl_0_mig/u_ddr3_infrastructure/CLK |
+-----------+-----------------+-------------------+-----------+-------------+---------------+-------------+----------+----------------+----------+------------------------------------------------------------------------------------------------+
* Logic Loads column represents load cell count of all cell types other than IO, GT and clock resources
** IO Loads column represents load cell count of IO types
*** Clocking Loads column represents load cell count that are clock resources (global clock buffer, MMCM, PLL, etc)
**** GT Loads column represents load cell count of GT types


+----+-----+-------+
|    | X0  | X1    |
+----+-----+-------+
| Y6 |   0 |  2437 |
| Y5 |   0 |  7277 |
| Y4 |  41 |  8792 |
| Y3 |   0 |     0 |
| Y2 |   0 |     0 |
| Y1 |   0 |     0 |
| Y0 |   0 |     0 |
+----+-----+-------+


9. Device Cell Placement Summary for Global Clock g2
----------------------------------------------------

+-----------+-----------------+-------------------+------------+-------------+---------------+-------------+----------+----------------+----------+--------------------------------------------------+
| Global Id | Driver Type/Pin | Driver Region (D) | Clock      | Period (ns) | Waveform (ns) | Slice Loads | IO Loads | Clocking Loads | GT Loads | Net                                              |
+-----------+-----------------+-------------------+------------+-------------+---------------+-------------+----------+----------------+----------+--------------------------------------------------+
| g2        | BUFG/O          | n/a               | clk_fpga_0 |      10.000 | {0.000 5.000} |       12147 |        0 |              1 |        5 | i_system_wrapper/system_i/sys_ps7/inst/FCLK_CLK0 |
+-----------+-----------------+-------------------+------------+-------------+---------------+-------------+----------+----------------+----------+--------------------------------------------------+
* Logic Loads column represents load cell count of all cell types other than IO, GT and clock resources
** IO Loads column represents load cell count of IO types
*** Clocking Loads column represents load cell count that are clock resources (global clock buffer, MMCM, PLL, etc)
**** GT Loads column represents load cell count of GT types


+----+-------+-------+
|    | X0    | X1    |
+----+-------+-------+
| Y6 |    63 |     0 |
| Y5 |  1933 |    45 |
| Y4 |  1587 |    33 |
| Y3 |  2592 |   189 |
| Y2 |   222 |   451 |
| Y1 |   124 |  1402 |
| Y0 |     0 |  3512 |
+----+-------+-------+


10. Device Cell Placement Summary for Global Clock g3
-----------------------------------------------------

+-----------+-----------------+-------------------+------------+-------------+---------------+-------------+----------+----------------+----------+--------------------------------------------------------------------+
| Global Id | Driver Type/Pin | Driver Region (D) | Clock      | Period (ns) | Waveform (ns) | Slice Loads | IO Loads | Clocking Loads | GT Loads | Net                                                                |
+-----------+-----------------+-------------------+------------+-------------+---------------+-------------+----------+----------------+----------+--------------------------------------------------------------------+
| g3        | BUFG/O          | n/a               | rx_div_clk |       4.000 | {0.000 2.000} |        4006 |        0 |              0 |        4 | i_system_wrapper/system_i/util_daq2_xcvr/inst/i_xch_0/rx_out_clk_0 |
+-----------+-----------------+-------------------+------------+-------------+---------------+-------------+----------+----------------+----------+--------------------------------------------------------------------+
* Logic Loads column represents load cell count of all cell types other than IO, GT and clock resources
** IO Loads column represents load cell count of IO types
*** Clocking Loads column represents load cell count that are clock resources (global clock buffer, MMCM, PLL, etc)
**** GT Loads column represents load cell count of GT types


+----+-----+-------+
|    | X0  | X1    |
+----+-----+-------+
| Y6 |   0 |     0 |
| Y5 |   0 |     0 |
| Y4 |   0 |  1182 |
| Y3 |  63 |  1275 |
| Y2 |   3 |   231 |
| Y1 |   0 |   883 |
| Y0 |   0 |   373 |
+----+-----+-------+


11. Device Cell Placement Summary for Global Clock g4
-----------------------------------------------------

+-----------+-----------------+-------------------+--------------+-------------+---------------+-------------+----------+----------------+----------+-----------------------------------------------------------------+
| Global Id | Driver Type/Pin | Driver Region (D) | Clock        | Period (ns) | Waveform (ns) | Slice Loads | IO Loads | Clocking Loads | GT Loads | Net                                                             |
+-----------+-----------------+-------------------+--------------+-------------+---------------+-------------+----------+----------------+----------+-----------------------------------------------------------------+
| g4        | BUFG/O          | n/a               | mmcm_clk_0_s |       6.735 | {0.000 3.367} |         926 |        0 |              0 |        0 | i_system_wrapper/system_i/axi_hdmi_clkgen/inst/i_mmcm_drp/clk_0 |
+-----------+-----------------+-------------------+--------------+-------------+---------------+-------------+----------+----------------+----------+-----------------------------------------------------------------+
* Logic Loads column represents load cell count of all cell types other than IO, GT and clock resources
** IO Loads column represents load cell count of IO types
*** Clocking Loads column represents load cell count that are clock resources (global clock buffer, MMCM, PLL, etc)
**** GT Loads column represents load cell count of GT types


+----+------+----+
|    | X0   | X1 |
+----+------+----+
| Y6 |    0 |  0 |
| Y5 |    0 |  0 |
| Y4 |  795 |  0 |
| Y3 |  130 |  0 |
| Y2 |    1 |  0 |
| Y1 |    0 |  0 |
| Y0 |    0 |  0 |
+----+------+----+


12. Device Cell Placement Summary for Global Clock g5
-----------------------------------------------------

+-----------+-----------------+-------------------+---------------------+-------------+---------------+-------------+----------+----------------+----------+--------------------------------------------------------------------------------------------------------+
| Global Id | Driver Type/Pin | Driver Region (D) | Clock               | Period (ns) | Waveform (ns) | Slice Loads | IO Loads | Clocking Loads | GT Loads | Net                                                                                                    |
+-----------+-----------------+-------------------+---------------------+-------------+---------------+-------------+----------+----------------+----------+--------------------------------------------------------------------------------------------------------+
| g5        | BUFG/O          | n/a               | mmcm_ps_clk_bufg_in |      10.000 | {0.000 5.000} |          22 |        0 |              0 |        0 | i_system_wrapper/system_i/axi_ddr_cntrl/u_system_axi_ddr_cntrl_0_mig/u_ddr3_infrastructure/mmcm_ps_clk |
+-----------+-----------------+-------------------+---------------------+-------------+---------------+-------------+----------+----------------+----------+--------------------------------------------------------------------------------------------------------+
* Logic Loads column represents load cell count of all cell types other than IO, GT and clock resources
** IO Loads column represents load cell count of IO types
*** Clocking Loads column represents load cell count that are clock resources (global clock buffer, MMCM, PLL, etc)
**** GT Loads column represents load cell count of GT types


+----+----+-----+
|    | X0 | X1  |
+----+----+-----+
| Y6 |  0 |  11 |
| Y5 |  0 |   7 |
| Y4 |  0 |   4 |
| Y3 |  0 |   0 |
| Y2 |  0 |   0 |
| Y1 |  0 |   0 |
| Y0 |  0 |   0 |
+----+----+-----+


13. Device Cell Placement Summary for Global Clock g6
-----------------------------------------------------

+-----------+-----------------+-------------------+------------------+-------------+---------------+-------------+----------+----------------+----------+-------------------------------------------------------------------------------------------------------------------------------------------+
| Global Id | Driver Type/Pin | Driver Region (D) | Clock            | Period (ns) | Waveform (ns) | Slice Loads | IO Loads | Clocking Loads | GT Loads | Net                                                                                                                                       |
+-----------+-----------------+-------------------+------------------+-------------+---------------+-------------+----------+----------------+----------+-------------------------------------------------------------------------------------------------------------------------------------------+
| g6        | BUFG/O          | n/a               | clk_ref_mmcm_400 |       2.500 | {0.000 1.250} |          18 |        0 |              0 |        0 | i_system_wrapper/system_i/axi_ddr_cntrl/u_system_axi_ddr_cntrl_0_mig/u_iodelay_ctrl/clk_ref_300_400_en.clk_ref_400.u_bufg_clk_ref_400_n_0 |
+-----------+-----------------+-------------------+------------------+-------------+---------------+-------------+----------+----------------+----------+-------------------------------------------------------------------------------------------------------------------------------------------+
* Logic Loads column represents load cell count of all cell types other than IO, GT and clock resources
** IO Loads column represents load cell count of IO types
*** Clocking Loads column represents load cell count that are clock resources (global clock buffer, MMCM, PLL, etc)
**** GT Loads column represents load cell count of GT types


+----+----+-----+
|    | X0 | X1  |
+----+----+-----+
| Y6 |  0 |  16 |
| Y5 |  0 |   1 |
| Y4 |  0 |   1 |
| Y3 |  0 |   0 |
| Y2 |  0 |   0 |
| Y1 |  0 |   0 |
| Y0 |  0 |   0 |
+----+----+-----+


14. Device Cell Placement Summary for Global Clock g7
-----------------------------------------------------

+-----------+-----------------+-------------------+-----------+-------------+---------------+-------------+----------+----------------+----------+--------------------------------------------------------------------------------------------------------------------+
| Global Id | Driver Type/Pin | Driver Region (D) | Clock     | Period (ns) | Waveform (ns) | Slice Loads | IO Loads | Clocking Loads | GT Loads | Net                                                                                                                |
+-----------+-----------------+-------------------+-----------+-------------+---------------+-------------+----------+----------------+----------+--------------------------------------------------------------------------------------------------------------------+
| g7        | BUFG/O          | n/a               | sys_clk_p |       5.000 | {0.000 2.500} |          13 |        0 |              0 |        0 | i_system_wrapper/system_i/axi_ddr_cntrl/u_system_axi_ddr_cntrl_0_mig/u_iodelay_ctrl/clk_ref_200.u_bufg_clk_ref_n_0 |
+-----------+-----------------+-------------------+-----------+-------------+---------------+-------------+----------+----------------+----------+--------------------------------------------------------------------------------------------------------------------+
* Logic Loads column represents load cell count of all cell types other than IO, GT and clock resources
** IO Loads column represents load cell count of IO types
*** Clocking Loads column represents load cell count that are clock resources (global clock buffer, MMCM, PLL, etc)
**** GT Loads column represents load cell count of GT types


+----+----+-----+
|    | X0 | X1  |
+----+----+-----+
| Y6 |  0 |  13 |
| Y5 |  0 |   0 |
| Y4 |  0 |   0 |
| Y3 |  0 |   0 |
| Y2 |  0 |   0 |
| Y1 |  0 |   0 |
| Y0 |  0 |   0 |
+----+----+-----+


15. Device Cell Placement Summary for Global Clock g8
-----------------------------------------------------

+-----------+-----------------+-------------------+------------------------------------+-------------+----------------+-------------+----------+----------------+----------+----------------------------------------------------------+
| Global Id | Driver Type/Pin | Driver Region (D) | Clock                              | Period (ns) | Waveform (ns)  | Slice Loads | IO Loads | Clocking Loads | GT Loads | Net                                                      |
+-----------+-----------------+-------------------+------------------------------------+-------------+----------------+-------------+----------+----------------+----------+----------------------------------------------------------+
| g8        | BUFG/O          | n/a               | clk_out1_system_sys_audio_clkgen_0 |      81.380 | {0.000 40.690} |           2 |        0 |              0 |        0 | i_system_wrapper/system_i/sys_audio_clkgen/inst/clk_out1 |
+-----------+-----------------+-------------------+------------------------------------+-------------+----------------+-------------+----------+----------------+----------+----------------------------------------------------------+
* Logic Loads column represents load cell count of all cell types other than IO, GT and clock resources
** IO Loads column represents load cell count of IO types
*** Clocking Loads column represents load cell count that are clock resources (global clock buffer, MMCM, PLL, etc)
**** GT Loads column represents load cell count of GT types


+----+----+----+
|    | X0 | X1 |
+----+----+----+
| Y6 |  0 |  0 |
| Y5 |  0 |  0 |
| Y4 |  0 |  0 |
| Y3 |  2 |  0 |
| Y2 |  0 |  0 |
| Y1 |  0 |  0 |
| Y0 |  0 |  0 |
+----+----+----+


16. Device Cell Placement Summary for Global Clock g9
-----------------------------------------------------

+-----------+-----------------+-------------------+------------+-------------+---------------+-------------+----------+----------------+----------+--------------------------------------------------+
| Global Id | Driver Type/Pin | Driver Region (D) | Clock      | Period (ns) | Waveform (ns) | Slice Loads | IO Loads | Clocking Loads | GT Loads | Net                                              |
+-----------+-----------------+-------------------+------------+-------------+---------------+-------------+----------+----------------+----------+--------------------------------------------------+
| g9        | BUFG/O          | n/a               | clk_fpga_1 |       5.000 | {0.000 2.500} |           0 |        0 |              2 |        0 | i_system_wrapper/system_i/sys_ps7/inst/FCLK_CLK1 |
+-----------+-----------------+-------------------+------------+-------------+---------------+-------------+----------+----------------+----------+--------------------------------------------------+
* Logic Loads column represents load cell count of all cell types other than IO, GT and clock resources
** IO Loads column represents load cell count of IO types
*** Clocking Loads column represents load cell count that are clock resources (global clock buffer, MMCM, PLL, etc)
**** GT Loads column represents load cell count of GT types


+----+----+----+
|    | X0 | X1 |
+----+----+----+
| Y6 |  0 |  1 |
| Y5 |  0 |  0 |
| Y4 |  0 |  0 |
| Y3 |  0 |  0 |
| Y2 |  1 |  0 |
| Y1 |  0 |  0 |
| Y0 |  0 |  0 |
+----+----+----+


17. Device Cell Placement Summary for Global Clock g10
------------------------------------------------------

+-----------+-----------------+-------------------+--------------+-------------+---------------+-------------+----------+----------------+----------+-----------------------------------------------------------------------------------------------------+
| Global Id | Driver Type/Pin | Driver Region (D) | Clock        | Period (ns) | Waveform (ns) | Slice Loads | IO Loads | Clocking Loads | GT Loads | Net                                                                                                 |
+-----------+-----------------+-------------------+--------------+-------------+---------------+-------------+----------+----------------+----------+-----------------------------------------------------------------------------------------------------+
| g10       | BUFH/O          | X1Y5              | pll_clk3_out |       5.000 | {0.000 2.500} |           0 |        0 |              1 |        0 | i_system_wrapper/system_i/axi_ddr_cntrl/u_system_axi_ddr_cntrl_0_mig/u_ddr3_infrastructure/pll_clk3 |
+-----------+-----------------+-------------------+--------------+-------------+---------------+-------------+----------+----------------+----------+-----------------------------------------------------------------------------------------------------+
* Logic Loads column represents load cell count of all cell types other than IO, GT and clock resources
** IO Loads column represents load cell count of IO types
*** Clocking Loads column represents load cell count that are clock resources (global clock buffer, MMCM, PLL, etc)
**** GT Loads column represents load cell count of GT types


+----+----+--------+
|    | X0 | X1     |
+----+----+--------+
| Y6 |  0 |      0 |
| Y5 |  0 |  (D) 1 |
| Y4 |  0 |      0 |
| Y3 |  0 |      0 |
| Y2 |  0 |      0 |
| Y1 |  0 |      0 |
| Y0 |  0 |      0 |
+----+----+--------+


18. Device Cell Placement Summary for Global Clock g11
------------------------------------------------------

+-----------+-----------------+-------------------+---------------+-------------+----------------+-------------+----------+----------------+----------+-------------------------------------------------------------------------+
| Global Id | Driver Type/Pin | Driver Region (D) | Clock         | Period (ns) | Waveform (ns)  | Slice Loads | IO Loads | Clocking Loads | GT Loads | Net                                                                     |
+-----------+-----------------+-------------------+---------------+-------------+----------------+-------------+----------+----------------+----------+-------------------------------------------------------------------------+
| g11       | BUFG/O          | n/a               | mmcm_fb_clk_s |      55.000 | {0.000 27.500} |           0 |        0 |              1 |        0 | i_system_wrapper/system_i/axi_hdmi_clkgen/inst/i_mmcm_drp/bufg_fb_clk_s |
+-----------+-----------------+-------------------+---------------+-------------+----------------+-------------+----------+----------------+----------+-------------------------------------------------------------------------+
* Logic Loads column represents load cell count of all cell types other than IO, GT and clock resources
** IO Loads column represents load cell count of IO types
*** Clocking Loads column represents load cell count that are clock resources (global clock buffer, MMCM, PLL, etc)
**** GT Loads column represents load cell count of GT types


+----+----+----+
|    | X0 | X1 |
+----+----+----+
| Y6 |  0 |  0 |
| Y5 |  0 |  0 |
| Y4 |  0 |  0 |
| Y3 |  0 |  0 |
| Y2 |  1 |  0 |
| Y1 |  0 |  0 |
| Y0 |  0 |  0 |
+----+----+----+


19. Clock Region Cell Placement per Global Clock: Region X0Y0
-------------------------------------------------------------

+-----------+-------+-----------------+------------+-------------+-----------------+----+--------+------+-----+----+------+-----+---------+--------------------------------------------------------------------+
| Global Id | Track | Driver Type/Pin | Constraint | Clock Loads | Non-Clock Loads | FF | LUTRAM | RAMB | DSP | GT | MMCM | PLL | Hard IP | Net                                                                |
+-----------+-------+-----------------+------------+-------------+-----------------+----+--------+------+-----+----+------+-----+---------+--------------------------------------------------------------------+
| g0        | n/a   | BUFG/O          | None       |          96 |               0 | 96 |      0 |    0 |   0 |  0 |    0 |   0 |       0 | i_system_wrapper/system_i/util_daq2_xcvr/inst/i_xch_0/tx_out_clk_0 |
+-----------+-------+-----------------+------------+-------------+-----------------+----+--------+------+-----+----+------+-----+---------+--------------------------------------------------------------------+
* Clock Loads column represents the clock pin loads (pin count)
** Non-Clock Loads column represents the non-clock pin loads (pin count)
*** Columns FF, LUTRAM, RAMB through 'Hard IP' represents load cell counts


20. Clock Region Cell Placement per Global Clock: Region X1Y0
-------------------------------------------------------------

+-----------+-------+-----------------+------------+-------------+-----------------+------+--------+------+-----+----+------+-----+---------+--------------------------------------------------------------------+
| Global Id | Track | Driver Type/Pin | Constraint | Clock Loads | Non-Clock Loads | FF   | LUTRAM | RAMB | DSP | GT | MMCM | PLL | Hard IP | Net                                                                |
+-----------+-------+-----------------+------------+-------------+-----------------+------+--------+------+-----+----+------+-----+---------+--------------------------------------------------------------------+
| g0        | n/a   | BUFG/O          | None       |         960 |               0 |  956 |      0 |    0 |   0 |  4 |    0 |   0 |       0 | i_system_wrapper/system_i/util_daq2_xcvr/inst/i_xch_0/tx_out_clk_0 |
| g2        | n/a   | BUFG/O          | None       |        3512 |               0 | 3503 |      4 |    0 |   0 |  4 |    0 |   0 |       0 | i_system_wrapper/system_i/sys_ps7/inst/FCLK_CLK0                   |
| g3        | n/a   | BUFG/O          | None       |         373 |               0 |  368 |      0 |    1 |   0 |  4 |    0 |   0 |       0 | i_system_wrapper/system_i/util_daq2_xcvr/inst/i_xch_0/rx_out_clk_0 |
+-----------+-------+-----------------+------------+-------------+-----------------+------+--------+------+-----+----+------+-----+---------+--------------------------------------------------------------------+
* Clock Loads column represents the clock pin loads (pin count)
** Non-Clock Loads column represents the non-clock pin loads (pin count)
*** Columns FF, LUTRAM, RAMB through 'Hard IP' represents load cell counts


21. Clock Region Cell Placement per Global Clock: Region X0Y1
-------------------------------------------------------------

+-----------+-------+-----------------+------------+-------------+-----------------+------+--------+------+-----+----+------+-----+---------+--------------------------------------------------------------------+
| Global Id | Track | Driver Type/Pin | Constraint | Clock Loads | Non-Clock Loads | FF   | LUTRAM | RAMB | DSP | GT | MMCM | PLL | Hard IP | Net                                                                |
+-----------+-------+-----------------+------------+-------------+-----------------+------+--------+------+-----+----+------+-----+---------+--------------------------------------------------------------------+
| g0        | n/a   | BUFG/O          | None       |        4478 |               0 | 4459 |      0 |   19 |   0 |  0 |    0 |   0 |       0 | i_system_wrapper/system_i/util_daq2_xcvr/inst/i_xch_0/tx_out_clk_0 |
| g2        | n/a   | BUFG/O          | None       |         124 |               0 |  105 |      0 |   19 |   0 |  0 |    0 |   0 |       0 | i_system_wrapper/system_i/sys_ps7/inst/FCLK_CLK0                   |
+-----------+-------+-----------------+------------+-------------+-----------------+------+--------+------+-----+----+------+-----+---------+--------------------------------------------------------------------+
* Clock Loads column represents the clock pin loads (pin count)
** Non-Clock Loads column represents the non-clock pin loads (pin count)
*** Columns FF, LUTRAM, RAMB through 'Hard IP' represents load cell counts


22. Clock Region Cell Placement per Global Clock: Region X1Y1
-------------------------------------------------------------

+-----------+-------+-----------------+------------+-------------+-----------------+-------+--------+------+-----+----+------+-----+---------+--------------------------------------------------------------------+
| Global Id | Track | Driver Type/Pin | Constraint | Clock Loads | Non-Clock Loads | FF    | LUTRAM | RAMB | DSP | GT | MMCM | PLL | Hard IP | Net                                                                |
+-----------+-------+-----------------+------------+-------------+-----------------+-------+--------+------+-----+----+------+-----+---------+--------------------------------------------------------------------+
| g0        | n/a   | BUFG/O          | None       |       10196 |               0 | 10050 |    120 |   10 |  16 |  0 |    0 |   0 |       0 | i_system_wrapper/system_i/util_daq2_xcvr/inst/i_xch_0/tx_out_clk_0 |
| g2        | n/a   | BUFG/O          | None       |        1402 |               0 |  1392 |      0 |   10 |   0 |  0 |    0 |   0 |       0 | i_system_wrapper/system_i/sys_ps7/inst/FCLK_CLK0                   |
| g3        | n/a   | BUFG/O          | None       |         883 |               0 |   880 |      0 |    0 |   0 |  0 |    0 |   0 |       0 | i_system_wrapper/system_i/util_daq2_xcvr/inst/i_xch_0/rx_out_clk_0 |
+-----------+-------+-----------------+------------+-------------+-----------------+-------+--------+------+-----+----+------+-----+---------+--------------------------------------------------------------------+
* Clock Loads column represents the clock pin loads (pin count)
** Non-Clock Loads column represents the non-clock pin loads (pin count)
*** Columns FF, LUTRAM, RAMB through 'Hard IP' represents load cell counts


23. Clock Region Cell Placement per Global Clock: Region X0Y2
-------------------------------------------------------------

+-----------+-------+-----------------+------------+-------------+-----------------+-----+--------+------+-----+----+------+-----+---------+-------------------------------------------------------------------------+
| Global Id | Track | Driver Type/Pin | Constraint | Clock Loads | Non-Clock Loads | FF  | LUTRAM | RAMB | DSP | GT | MMCM | PLL | Hard IP | Net                                                                     |
+-----------+-------+-----------------+------------+-------------+-----------------+-----+--------+------+-----+----+------+-----+---------+-------------------------------------------------------------------------+
| g0        | n/a   | BUFG/O          | None       |         107 |               0 |  67 |      0 |   40 |   0 |  0 |    0 |   0 |       0 | i_system_wrapper/system_i/util_daq2_xcvr/inst/i_xch_0/tx_out_clk_0      |
| g2        | n/a   | BUFG/O          | None       |         222 |               0 | 181 |      0 |   40 |   0 |  0 |    1 |   0 |       0 | i_system_wrapper/system_i/sys_ps7/inst/FCLK_CLK0                        |
| g3        | n/a   | BUFG/O          | None       |           3 |               0 |   3 |      0 |    0 |   0 |  0 |    0 |   0 |       0 | i_system_wrapper/system_i/util_daq2_xcvr/inst/i_xch_0/rx_out_clk_0      |
| g4        | n/a   | BUFG/O          | None       |           1 |               0 |   1 |      0 |    0 |   0 |  0 |    0 |   0 |       0 | i_system_wrapper/system_i/axi_hdmi_clkgen/inst/i_mmcm_drp/clk_0         |
| g9        | n/a   | BUFG/O          | None       |           1 |               0 |   0 |      0 |    0 |   0 |  0 |    1 |   0 |       0 | i_system_wrapper/system_i/sys_ps7/inst/FCLK_CLK1                        |
| g11       | n/a   | BUFG/O          | None       |           1 |               0 |   0 |      0 |    0 |   0 |  0 |    1 |   0 |       0 | i_system_wrapper/system_i/axi_hdmi_clkgen/inst/i_mmcm_drp/bufg_fb_clk_s |
+-----------+-------+-----------------+------------+-------------+-----------------+-----+--------+------+-----+----+------+-----+---------+-------------------------------------------------------------------------+
* Clock Loads column represents the clock pin loads (pin count)
** Non-Clock Loads column represents the non-clock pin loads (pin count)
*** Columns FF, LUTRAM, RAMB through 'Hard IP' represents load cell counts


24. Clock Region Cell Placement per Global Clock: Region X1Y2
-------------------------------------------------------------

+-----------+-------+-----------------+------------+-------------+-----------------+------+--------+------+-----+----+------+-----+---------+--------------------------------------------------------------------+
| Global Id | Track | Driver Type/Pin | Constraint | Clock Loads | Non-Clock Loads | FF   | LUTRAM | RAMB | DSP | GT | MMCM | PLL | Hard IP | Net                                                                |
+-----------+-------+-----------------+------------+-------------+-----------------+------+--------+------+-----+----+------+-----+---------+--------------------------------------------------------------------+
| g0        | n/a   | BUFG/O          | None       |        3132 |               0 | 3103 |      0 |   29 |   0 |  0 |    0 |   0 |       0 | i_system_wrapper/system_i/util_daq2_xcvr/inst/i_xch_0/tx_out_clk_0 |
| g2        | n/a   | BUFG/O          | None       |         451 |               0 |  422 |      0 |   29 |   0 |  0 |    0 |   0 |       0 | i_system_wrapper/system_i/sys_ps7/inst/FCLK_CLK0                   |
| g3        | n/a   | BUFG/O          | None       |         231 |               0 |  231 |      0 |    0 |   0 |  0 |    0 |   0 |       0 | i_system_wrapper/system_i/util_daq2_xcvr/inst/i_xch_0/rx_out_clk_0 |
+-----------+-------+-----------------+------------+-------------+-----------------+------+--------+------+-----+----+------+-----+---------+--------------------------------------------------------------------+
* Clock Loads column represents the clock pin loads (pin count)
** Non-Clock Loads column represents the non-clock pin loads (pin count)
*** Columns FF, LUTRAM, RAMB through 'Hard IP' represents load cell counts


25. Clock Region Cell Placement per Global Clock: Region X0Y3
-------------------------------------------------------------

+-----------+-------+-----------------+------------+-------------+-----------------+------+--------+------+-----+----+------+-----+---------+--------------------------------------------------------------------+
| Global Id | Track | Driver Type/Pin | Constraint | Clock Loads | Non-Clock Loads | FF   | LUTRAM | RAMB | DSP | GT | MMCM | PLL | Hard IP | Net                                                                |
+-----------+-------+-----------------+------------+-------------+-----------------+------+--------+------+-----+----+------+-----+---------+--------------------------------------------------------------------+
| g0        | n/a   | BUFG/O          | None       |         384 |               0 |  343 |      2 |   39 |   0 |  0 |    0 |   0 |       0 | i_system_wrapper/system_i/util_daq2_xcvr/inst/i_xch_0/tx_out_clk_0 |
| g2        | n/a   | BUFG/O          | None       |        2592 |               0 | 2533 |     19 |   40 |   0 |  0 |    0 |   0 |       0 | i_system_wrapper/system_i/sys_ps7/inst/FCLK_CLK0                   |
| g3        | n/a   | BUFG/O          | None       |          63 |               0 |   63 |      0 |    0 |   0 |  0 |    0 |   0 |       0 | i_system_wrapper/system_i/util_daq2_xcvr/inst/i_xch_0/rx_out_clk_0 |
| g4        | n/a   | BUFG/O          | None       |         130 |               0 |  130 |      0 |    0 |   0 |  0 |    0 |   0 |       0 | i_system_wrapper/system_i/axi_hdmi_clkgen/inst/i_mmcm_drp/clk_0    |
| g8        | n/a   | BUFG/O          | None       |           2 |               0 |    2 |      0 |    0 |   0 |  0 |    0 |   0 |       0 | i_system_wrapper/system_i/sys_audio_clkgen/inst/clk_out1           |
+-----------+-------+-----------------+------------+-------------+-----------------+------+--------+------+-----+----+------+-----+---------+--------------------------------------------------------------------+
* Clock Loads column represents the clock pin loads (pin count)
** Non-Clock Loads column represents the non-clock pin loads (pin count)
*** Columns FF, LUTRAM, RAMB through 'Hard IP' represents load cell counts


26. Clock Region Cell Placement per Global Clock: Region X1Y3
-------------------------------------------------------------

+-----------+-------+-----------------+------------+-------------+-----------------+------+--------+------+-----+----+------+-----+---------+--------------------------------------------------------------------+
| Global Id | Track | Driver Type/Pin | Constraint | Clock Loads | Non-Clock Loads | FF   | LUTRAM | RAMB | DSP | GT | MMCM | PLL | Hard IP | Net                                                                |
+-----------+-------+-----------------+------------+-------------+-----------------+------+--------+------+-----+----+------+-----+---------+--------------------------------------------------------------------+
| g0        | n/a   | BUFG/O          | None       |         322 |               0 |  288 |      1 |   33 |   0 |  0 |    0 |   0 |       0 | i_system_wrapper/system_i/util_daq2_xcvr/inst/i_xch_0/tx_out_clk_0 |
| g2        | n/a   | BUFG/O          | None       |         189 |               0 |  156 |      0 |   33 |   0 |  0 |    0 |   0 |       0 | i_system_wrapper/system_i/sys_ps7/inst/FCLK_CLK0                   |
| g3        | n/a   | BUFG/O          | None       |        1275 |               0 | 1275 |      0 |    0 |   0 |  0 |    0 |   0 |       0 | i_system_wrapper/system_i/util_daq2_xcvr/inst/i_xch_0/rx_out_clk_0 |
+-----------+-------+-----------------+------------+-------------+-----------------+------+--------+------+-----+----+------+-----+---------+--------------------------------------------------------------------+
* Clock Loads column represents the clock pin loads (pin count)
** Non-Clock Loads column represents the non-clock pin loads (pin count)
*** Columns FF, LUTRAM, RAMB through 'Hard IP' represents load cell counts


27. Clock Region Cell Placement per Global Clock: Region X0Y4
-------------------------------------------------------------

+-----------+-------+-----------------+------------+-------------+-----------------+------+--------+------+-----+----+------+-----+---------+------------------------------------------------------------------------------------------------+
| Global Id | Track | Driver Type/Pin | Constraint | Clock Loads | Non-Clock Loads | FF   | LUTRAM | RAMB | DSP | GT | MMCM | PLL | Hard IP | Net                                                                                            |
+-----------+-------+-----------------+------------+-------------+-----------------+------+--------+------+-----+----+------+-----+---------+------------------------------------------------------------------------------------------------+
| g0        | n/a   | BUFG/O          | None       |          57 |               0 |   20 |      0 |   37 |   0 |  0 |    0 |   0 |       0 | i_system_wrapper/system_i/util_daq2_xcvr/inst/i_xch_0/tx_out_clk_0                             |
| g1        | n/a   | BUFG/O          | None       |          41 |               0 |   41 |      0 |    0 |   0 |  0 |    0 |   0 |       0 | i_system_wrapper/system_i/axi_ddr_cntrl/u_system_axi_ddr_cntrl_0_mig/u_ddr3_infrastructure/CLK |
| g2        | n/a   | BUFG/O          | None       |        1587 |               0 | 1548 |      0 |   39 |   0 |  0 |    0 |   0 |       0 | i_system_wrapper/system_i/sys_ps7/inst/FCLK_CLK0                                               |
| g4        | n/a   | BUFG/O          | None       |         795 |               0 |  778 |      6 |    1 |   9 |  0 |    0 |   0 |       0 | i_system_wrapper/system_i/axi_hdmi_clkgen/inst/i_mmcm_drp/clk_0                                |
+-----------+-------+-----------------+------------+-------------+-----------------+------+--------+------+-----+----+------+-----+---------+------------------------------------------------------------------------------------------------+
* Clock Loads column represents the clock pin loads (pin count)
** Non-Clock Loads column represents the non-clock pin loads (pin count)
*** Columns FF, LUTRAM, RAMB through 'Hard IP' represents load cell counts


28. Clock Region Cell Placement per Global Clock: Region X1Y4
-------------------------------------------------------------

+-----------+-------+-----------------+------------+-------------+-----------------+------+--------+------+-----+----+------+-----+---------+-------------------------------------------------------------------------------------------------------------------------------------------+
| Global Id | Track | Driver Type/Pin | Constraint | Clock Loads | Non-Clock Loads | FF   | LUTRAM | RAMB | DSP | GT | MMCM | PLL | Hard IP | Net                                                                                                                                       |
+-----------+-------+-----------------+------------+-------------+-----------------+------+--------+------+-----+----+------+-----+---------+-------------------------------------------------------------------------------------------------------------------------------------------+
| g0        | n/a   | BUFG/O          | None       |          49 |               0 |   17 |      0 |   32 |   0 |  0 |    0 |   0 |       0 | i_system_wrapper/system_i/util_daq2_xcvr/inst/i_xch_0/tx_out_clk_0                                                                        |
| g1        | n/a   | BUFG/O          | None       |        8792 |               0 | 8712 |     23 |    7 |   0 |  0 |    0 |   0 |       0 | i_system_wrapper/system_i/axi_ddr_cntrl/u_system_axi_ddr_cntrl_0_mig/u_ddr3_infrastructure/CLK                                            |
| g2        | n/a   | BUFG/O          | None       |          33 |               0 |    0 |      0 |   33 |   0 |  0 |    0 |   0 |       0 | i_system_wrapper/system_i/sys_ps7/inst/FCLK_CLK0                                                                                          |
| g3        | n/a   | BUFG/O          | None       |        1182 |               0 | 1172 |      2 |    7 |   0 |  0 |    0 |   0 |       0 | i_system_wrapper/system_i/util_daq2_xcvr/inst/i_xch_0/rx_out_clk_0                                                                        |
| g5        | n/a   | BUFG/O          | None       |           4 |               0 |    0 |      0 |    0 |   0 |  0 |    0 |   0 |       0 | i_system_wrapper/system_i/axi_ddr_cntrl/u_system_axi_ddr_cntrl_0_mig/u_ddr3_infrastructure/mmcm_ps_clk                                    |
| g6        | n/a   | BUFG/O          | None       |           1 |               0 |    0 |      0 |    0 |   0 |  0 |    0 |   0 |       0 | i_system_wrapper/system_i/axi_ddr_cntrl/u_system_axi_ddr_cntrl_0_mig/u_iodelay_ctrl/clk_ref_300_400_en.clk_ref_400.u_bufg_clk_ref_400_n_0 |
+-----------+-------+-----------------+------------+-------------+-----------------+------+--------+------+-----+----+------+-----+---------+-------------------------------------------------------------------------------------------------------------------------------------------+
* Clock Loads column represents the clock pin loads (pin count)
** Non-Clock Loads column represents the non-clock pin loads (pin count)
*** Columns FF, LUTRAM, RAMB through 'Hard IP' represents load cell counts


29. Clock Region Cell Placement per Global Clock: Region X0Y5
-------------------------------------------------------------

+-----------+-------+-----------------+------------+-------------+-----------------+------+--------+------+-----+----+------+-----+---------+--------------------------------------------------------------------+
| Global Id | Track | Driver Type/Pin | Constraint | Clock Loads | Non-Clock Loads | FF   | LUTRAM | RAMB | DSP | GT | MMCM | PLL | Hard IP | Net                                                                |
+-----------+-------+-----------------+------------+-------------+-----------------+------+--------+------+-----+----+------+-----+---------+--------------------------------------------------------------------+
| g0        | n/a   | BUFG/O          | None       |          19 |               0 |    6 |      0 |   13 |   0 |  0 |    0 |   0 |       0 | i_system_wrapper/system_i/util_daq2_xcvr/inst/i_xch_0/tx_out_clk_0 |
| g2        | n/a   | BUFG/O          | None       |        1933 |               0 | 1849 |     70 |   14 |   0 |  0 |    0 |   0 |       0 | i_system_wrapper/system_i/sys_ps7/inst/FCLK_CLK0                   |
+-----------+-------+-----------------+------------+-------------+-----------------+------+--------+------+-----+----+------+-----+---------+--------------------------------------------------------------------+
* Clock Loads column represents the clock pin loads (pin count)
** Non-Clock Loads column represents the non-clock pin loads (pin count)
*** Columns FF, LUTRAM, RAMB through 'Hard IP' represents load cell counts


30. Clock Region Cell Placement per Global Clock: Region X1Y5
-------------------------------------------------------------

+-----------+-------+-----------------+------------+-------------+-----------------+------+--------+------+-----+----+------+-----+---------+-------------------------------------------------------------------------------------------------------------------------------------------+
| Global Id | Track | Driver Type/Pin | Constraint | Clock Loads | Non-Clock Loads | FF   | LUTRAM | RAMB | DSP | GT | MMCM | PLL | Hard IP | Net                                                                                                                                       |
+-----------+-------+-----------------+------------+-------------+-----------------+------+--------+------+-----+----+------+-----+---------+-------------------------------------------------------------------------------------------------------------------------------------------+
| g0        | n/a   | BUFG/O          | None       |           9 |               0 |    3 |      0 |    6 |   0 |  0 |    0 |   0 |       0 | i_system_wrapper/system_i/util_daq2_xcvr/inst/i_xch_0/tx_out_clk_0                                                                        |
| g1        | n/a   | BUFG/O          | None       |        7277 |               0 | 6699 |    550 |    8 |   0 |  0 |    1 |   0 |       0 | i_system_wrapper/system_i/axi_ddr_cntrl/u_system_axi_ddr_cntrl_0_mig/u_ddr3_infrastructure/CLK                                            |
| g2        | n/a   | BUFG/O          | None       |          45 |               0 |   31 |      0 |   14 |   0 |  0 |    0 |   0 |       0 | i_system_wrapper/system_i/sys_ps7/inst/FCLK_CLK0                                                                                          |
| g5        | n/a   | BUFG/O          | None       |           7 |               0 |    6 |      0 |    0 |   0 |  0 |    0 |   0 |       0 | i_system_wrapper/system_i/axi_ddr_cntrl/u_system_axi_ddr_cntrl_0_mig/u_ddr3_infrastructure/mmcm_ps_clk                                    |
| g6        | n/a   | BUFG/O          | None       |           1 |               0 |    0 |      0 |    0 |   0 |  0 |    0 |   0 |       0 | i_system_wrapper/system_i/axi_ddr_cntrl/u_system_axi_ddr_cntrl_0_mig/u_iodelay_ctrl/clk_ref_300_400_en.clk_ref_400.u_bufg_clk_ref_400_n_0 |
| g10       | n/a   | BUFH/O          | None       |           1 |               0 |    0 |      0 |    0 |   0 |  0 |    1 |   0 |       0 | i_system_wrapper/system_i/axi_ddr_cntrl/u_system_axi_ddr_cntrl_0_mig/u_ddr3_infrastructure/pll_clk3                                       |
+-----------+-------+-----------------+------------+-------------+-----------------+------+--------+------+-----+----+------+-----+---------+-------------------------------------------------------------------------------------------------------------------------------------------+
* Clock Loads column represents the clock pin loads (pin count)
** Non-Clock Loads column represents the non-clock pin loads (pin count)
*** Columns FF, LUTRAM, RAMB through 'Hard IP' represents load cell counts


31. Clock Region Cell Placement per Global Clock: Region X0Y6
-------------------------------------------------------------

+-----------+-------+-----------------+------------+-------------+-----------------+----+--------+------+-----+----+------+-----+---------+--------------------------------------------------+
| Global Id | Track | Driver Type/Pin | Constraint | Clock Loads | Non-Clock Loads | FF | LUTRAM | RAMB | DSP | GT | MMCM | PLL | Hard IP | Net                                              |
+-----------+-------+-----------------+------------+-------------+-----------------+----+--------+------+-----+----+------+-----+---------+--------------------------------------------------+
| g2        | n/a   | BUFG/O          | None       |          63 |               0 | 58 |      4 |    0 |   0 |  0 |    0 |   0 |       0 | i_system_wrapper/system_i/sys_ps7/inst/FCLK_CLK0 |
+-----------+-------+-----------------+------------+-------------+-----------------+----+--------+------+-----+----+------+-----+---------+--------------------------------------------------+
* Clock Loads column represents the clock pin loads (pin count)
** Non-Clock Loads column represents the non-clock pin loads (pin count)
*** Columns FF, LUTRAM, RAMB through 'Hard IP' represents load cell counts


32. Clock Region Cell Placement per Global Clock: Region X1Y6
-------------------------------------------------------------

+-----------+-------+-----------------+------------+-------------+-----------------+------+--------+------+-----+----+------+-----+---------+-------------------------------------------------------------------------------------------------------------------------------------------+
| Global Id | Track | Driver Type/Pin | Constraint | Clock Loads | Non-Clock Loads | FF   | LUTRAM | RAMB | DSP | GT | MMCM | PLL | Hard IP | Net                                                                                                                                       |
+-----------+-------+-----------------+------------+-------------+-----------------+------+--------+------+-----+----+------+-----+---------+-------------------------------------------------------------------------------------------------------------------------------------------+
| g1        | n/a   | BUFG/O          | None       |        2437 |               0 | 2385 |     15 |    0 |   0 |  0 |    0 |   0 |       0 | i_system_wrapper/system_i/axi_ddr_cntrl/u_system_axi_ddr_cntrl_0_mig/u_ddr3_infrastructure/CLK                                            |
| g5        | n/a   | BUFG/O          | None       |          11 |               0 |    8 |      0 |    0 |   0 |  0 |    0 |   0 |       0 | i_system_wrapper/system_i/axi_ddr_cntrl/u_system_axi_ddr_cntrl_0_mig/u_ddr3_infrastructure/mmcm_ps_clk                                    |
| g6        | n/a   | BUFG/O          | None       |          16 |               0 |   15 |      0 |    0 |   0 |  0 |    0 |   0 |       0 | i_system_wrapper/system_i/axi_ddr_cntrl/u_system_axi_ddr_cntrl_0_mig/u_iodelay_ctrl/clk_ref_300_400_en.clk_ref_400.u_bufg_clk_ref_400_n_0 |
| g7        | n/a   | BUFG/O          | None       |          13 |               0 |   13 |      0 |    0 |   0 |  0 |    0 |   0 |       0 | i_system_wrapper/system_i/axi_ddr_cntrl/u_system_axi_ddr_cntrl_0_mig/u_iodelay_ctrl/clk_ref_200.u_bufg_clk_ref_n_0                        |
| g9        | n/a   | BUFG/O          | None       |           1 |               0 |    0 |      0 |    0 |   0 |  0 |    1 |   0 |       0 | i_system_wrapper/system_i/sys_ps7/inst/FCLK_CLK1                                                                                          |
+-----------+-------+-----------------+------------+-------------+-----------------+------+--------+------+-----+----+------+-----+---------+-------------------------------------------------------------------------------------------------------------------------------------------+
* Clock Loads column represents the clock pin loads (pin count)
** Non-Clock Loads column represents the non-clock pin loads (pin count)
*** Columns FF, LUTRAM, RAMB through 'Hard IP' represents load cell counts



# Location of BUFG Primitives 
set_property LOC BUFGCTRL_X0Y0 [get_cells i_system_wrapper/system_i/util_daq2_xcvr/inst/i_xch_0/i_tx_bufg]
set_property LOC BUFGCTRL_X0Y1 [get_cells i_system_wrapper/system_i/util_daq2_xcvr/inst/i_xch_0/i_rx_bufg]
set_property LOC BUFGCTRL_X0Y22 [get_cells i_system_wrapper/system_i/sys_ps7/inst/buffer_fclk_clk_1.FCLK_CLK_1_BUFG]
set_property LOC BUFGCTRL_X0Y17 [get_cells i_system_wrapper/system_i/sys_ps7/inst/buffer_fclk_clk_0.FCLK_CLK_0_BUFG]
set_property LOC BUFGCTRL_X0Y21 [get_cells i_system_wrapper/system_i/sys_audio_clkgen/inst/clkout1_buf]
set_property LOC BUFGCTRL_X0Y2 [get_cells i_system_wrapper/system_i/axi_hdmi_clkgen/inst/i_mmcm_drp/i_clk_0_bufg]
set_property LOC BUFGCTRL_X0Y3 [get_cells i_system_wrapper/system_i/axi_hdmi_clkgen/inst/i_mmcm_drp/i_fb_clk_bufg]
set_property LOC BUFGCTRL_X0Y19 [get_cells i_system_wrapper/system_i/axi_ddr_cntrl/u_system_axi_ddr_cntrl_0_mig/u_iodelay_ctrl/clk_ref_300_400_en.clk_ref_400.u_bufg_clk_ref_400]
set_property LOC BUFGCTRL_X0Y20 [get_cells i_system_wrapper/system_i/axi_ddr_cntrl/u_system_axi_ddr_cntrl_0_mig/u_iodelay_ctrl/clk_ref_200.u_bufg_clk_ref]
set_property LOC BUFGCTRL_X0Y18 [get_cells i_system_wrapper/system_i/axi_ddr_cntrl/u_system_axi_ddr_cntrl_0_mig/u_ddr3_infrastructure/gen_ui_extra_clocks.u_bufg_mmcm_ps_clk]
set_property LOC BUFGCTRL_X0Y16 [get_cells i_system_wrapper/system_i/axi_ddr_cntrl/u_system_axi_ddr_cntrl_0_mig/u_ddr3_infrastructure/u_bufg_clkdiv0]

# Location of BUFH Primitives 
set_property LOC BUFHCE_X1Y60 [get_cells i_system_wrapper/system_i/axi_ddr_cntrl/u_system_axi_ddr_cntrl_0_mig/u_ddr3_infrastructure/u_bufh_pll_clk3]

# Location of IO Primitives which is load of clock spine

# Location of clock ports
set_property LOC IOB_X1Y273 [get_ports sys_clk_n]
set_property LOC IOB_X1Y274 [get_ports sys_clk_p]

# Clock net "i_system_wrapper/system_i/util_daq2_xcvr/inst/i_xch_0/tx_out_clk_0" driven by instance "i_system_wrapper/system_i/util_daq2_xcvr/inst/i_xch_0/i_tx_bufg" located at site "BUFGCTRL_X0Y0"
#startgroup
create_pblock {CLKAG_i_system_wrapper/system_i/util_daq2_xcvr/inst/i_xch_0/tx_out_clk_0}
add_cells_to_pblock [get_pblocks  {CLKAG_i_system_wrapper/system_i/util_daq2_xcvr/inst/i_xch_0/tx_out_clk_0}] [get_cells -filter { PRIMITIVE_GROUP != I/O && IS_PRIMITIVE==1 && PRIMITIVE_LEVEL !=INTERNAL } -of_object [get_pins -filter {DIRECTION==IN} -of_objects [get_nets -hierarchical -filter {PARENT=="i_system_wrapper/system_i/util_daq2_xcvr/inst/i_xch_0/tx_out_clk_0"}]]]
resize_pblock [get_pblocks {CLKAG_i_system_wrapper/system_i/util_daq2_xcvr/inst/i_xch_0/tx_out_clk_0}] -add {CLOCKREGION_X0Y0:CLOCKREGION_X0Y0 CLOCKREGION_X0Y1:CLOCKREGION_X0Y1 CLOCKREGION_X0Y2:CLOCKREGION_X0Y2 CLOCKREGION_X0Y3:CLOCKREGION_X0Y3 CLOCKREGION_X0Y4:CLOCKREGION_X0Y4 CLOCKREGION_X0Y5:CLOCKREGION_X0Y5 CLOCKREGION_X1Y0:CLOCKREGION_X1Y0 CLOCKREGION_X1Y1:CLOCKREGION_X1Y1 CLOCKREGION_X1Y2:CLOCKREGION_X1Y2 CLOCKREGION_X1Y3:CLOCKREGION_X1Y3 CLOCKREGION_X1Y4:CLOCKREGION_X1Y4 CLOCKREGION_X1Y5:CLOCKREGION_X1Y5}
#endgroup

# Clock net "i_system_wrapper/system_i/util_daq2_xcvr/inst/i_xch_0/rx_out_clk_0" driven by instance "i_system_wrapper/system_i/util_daq2_xcvr/inst/i_xch_0/i_rx_bufg" located at site "BUFGCTRL_X0Y1"
#startgroup
create_pblock {CLKAG_i_system_wrapper/system_i/util_daq2_xcvr/inst/i_xch_0/rx_out_clk_0}
add_cells_to_pblock [get_pblocks  {CLKAG_i_system_wrapper/system_i/util_daq2_xcvr/inst/i_xch_0/rx_out_clk_0}] [get_cells -filter { PRIMITIVE_GROUP != I/O && IS_PRIMITIVE==1 && PRIMITIVE_LEVEL !=INTERNAL } -of_object [get_pins -filter {DIRECTION==IN} -of_objects [get_nets -hierarchical -filter {PARENT=="i_system_wrapper/system_i/util_daq2_xcvr/inst/i_xch_0/rx_out_clk_0"}]]]
resize_pblock [get_pblocks {CLKAG_i_system_wrapper/system_i/util_daq2_xcvr/inst/i_xch_0/rx_out_clk_0}] -add {CLOCKREGION_X0Y2:CLOCKREGION_X0Y2 CLOCKREGION_X0Y3:CLOCKREGION_X0Y3 CLOCKREGION_X1Y0:CLOCKREGION_X1Y0 CLOCKREGION_X1Y1:CLOCKREGION_X1Y1 CLOCKREGION_X1Y2:CLOCKREGION_X1Y2 CLOCKREGION_X1Y3:CLOCKREGION_X1Y3 CLOCKREGION_X1Y4:CLOCKREGION_X1Y4}
#endgroup

# Clock net "i_system_wrapper/system_i/sys_ps7/inst/FCLK_CLK0" driven by instance "i_system_wrapper/system_i/sys_ps7/inst/buffer_fclk_clk_0.FCLK_CLK_0_BUFG" located at site "BUFGCTRL_X0Y17"
#startgroup
create_pblock {CLKAG_i_system_wrapper/system_i/sys_ps7/inst/FCLK_CLK0}
add_cells_to_pblock [get_pblocks  {CLKAG_i_system_wrapper/system_i/sys_ps7/inst/FCLK_CLK0}] [get_cells -filter { PRIMITIVE_GROUP != I/O && IS_PRIMITIVE==1 && PRIMITIVE_LEVEL !=INTERNAL && NAME!=i_system_wrapper/system_i/axi_hdmi_clkgen/inst/i_mmcm_drp/i_mmcm} -of_object [get_pins -filter {DIRECTION==IN} -of_objects [get_nets -hierarchical -filter {PARENT=="i_system_wrapper/system_i/sys_ps7/inst/FCLK_CLK0"}]]]
resize_pblock [get_pblocks {CLKAG_i_system_wrapper/system_i/sys_ps7/inst/FCLK_CLK0}] -add {CLOCKREGION_X0Y1:CLOCKREGION_X0Y1 CLOCKREGION_X0Y2:CLOCKREGION_X0Y2 CLOCKREGION_X0Y3:CLOCKREGION_X0Y3 CLOCKREGION_X0Y4:CLOCKREGION_X0Y4 CLOCKREGION_X0Y5:CLOCKREGION_X0Y5 CLOCKREGION_X0Y6:CLOCKREGION_X0Y6 CLOCKREGION_X1Y0:CLOCKREGION_X1Y0 CLOCKREGION_X1Y1:CLOCKREGION_X1Y1 CLOCKREGION_X1Y2:CLOCKREGION_X1Y2 CLOCKREGION_X1Y3:CLOCKREGION_X1Y3 CLOCKREGION_X1Y4:CLOCKREGION_X1Y4 CLOCKREGION_X1Y5:CLOCKREGION_X1Y5}
#endgroup

# Clock net "i_system_wrapper/system_i/sys_audio_clkgen/inst/clk_out1" driven by instance "i_system_wrapper/system_i/sys_audio_clkgen/inst/clkout1_buf" located at site "BUFGCTRL_X0Y21"
#startgroup
create_pblock {CLKAG_i_system_wrapper/system_i/sys_audio_clkgen/inst/clk_out1}
add_cells_to_pblock [get_pblocks  {CLKAG_i_system_wrapper/system_i/sys_audio_clkgen/inst/clk_out1}] [get_cells -filter { PRIMITIVE_GROUP != I/O && IS_PRIMITIVE==1 && PRIMITIVE_LEVEL !=INTERNAL } -of_object [get_pins -filter {DIRECTION==IN} -of_objects [get_nets -hierarchical -filter {PARENT=="i_system_wrapper/system_i/sys_audio_clkgen/inst/clk_out1"}]]]
resize_pblock [get_pblocks {CLKAG_i_system_wrapper/system_i/sys_audio_clkgen/inst/clk_out1}] -add {CLOCKREGION_X0Y3:CLOCKREGION_X0Y3}
#endgroup

# Clock net "i_system_wrapper/system_i/axi_hdmi_clkgen/inst/i_mmcm_drp/clk_0" driven by instance "i_system_wrapper/system_i/axi_hdmi_clkgen/inst/i_mmcm_drp/i_clk_0_bufg" located at site "BUFGCTRL_X0Y2"
#startgroup
create_pblock {CLKAG_i_system_wrapper/system_i/axi_hdmi_clkgen/inst/i_mmcm_drp/clk_0}
add_cells_to_pblock [get_pblocks  {CLKAG_i_system_wrapper/system_i/axi_hdmi_clkgen/inst/i_mmcm_drp/clk_0}] [get_cells -filter { PRIMITIVE_GROUP != I/O && IS_PRIMITIVE==1 && PRIMITIVE_LEVEL !=INTERNAL } -of_object [get_pins -filter {DIRECTION==IN} -of_objects [get_nets -hierarchical -filter {PARENT=="i_system_wrapper/system_i/axi_hdmi_clkgen/inst/i_mmcm_drp/clk_0"}]]]
resize_pblock [get_pblocks {CLKAG_i_system_wrapper/system_i/axi_hdmi_clkgen/inst/i_mmcm_drp/clk_0}] -add {CLOCKREGION_X0Y2:CLOCKREGION_X0Y2 CLOCKREGION_X0Y3:CLOCKREGION_X0Y3 CLOCKREGION_X0Y4:CLOCKREGION_X0Y4}
#endgroup

# Clock net "i_system_wrapper/system_i/axi_ddr_cntrl/u_system_axi_ddr_cntrl_0_mig/u_iodelay_ctrl/clk_ref_300_400_en.clk_ref_400.u_bufg_clk_ref_400_n_0" driven by instance "i_system_wrapper/system_i/axi_ddr_cntrl/u_system_axi_ddr_cntrl_0_mig/u_iodelay_ctrl/clk_ref_300_400_en.clk_ref_400.u_bufg_clk_ref_400" located at site "BUFGCTRL_X0Y19"
#startgroup
create_pblock {CLKAG_i_system_wrapper/system_i/axi_ddr_cntrl/u_system_axi_ddr_cntrl_0_mig/u_iodelay_ctrl/clk_ref_300_400_en.clk_ref_400.u_bufg_clk_ref_400_n_0}
add_cells_to_pblock [get_pblocks  {CLKAG_i_system_wrapper/system_i/axi_ddr_cntrl/u_system_axi_ddr_cntrl_0_mig/u_iodelay_ctrl/clk_ref_300_400_en.clk_ref_400.u_bufg_clk_ref_400_n_0}] [get_cells -filter { PRIMITIVE_GROUP != I/O && IS_PRIMITIVE==1 && PRIMITIVE_LEVEL !=INTERNAL } -of_object [get_pins -filter {DIRECTION==IN} -of_objects [get_nets -hierarchical -filter {PARENT=="i_system_wrapper/system_i/axi_ddr_cntrl/u_system_axi_ddr_cntrl_0_mig/u_iodelay_ctrl/clk_ref_300_400_en.clk_ref_400.u_bufg_clk_ref_400_n_0"}]]]
resize_pblock [get_pblocks {CLKAG_i_system_wrapper/system_i/axi_ddr_cntrl/u_system_axi_ddr_cntrl_0_mig/u_iodelay_ctrl/clk_ref_300_400_en.clk_ref_400.u_bufg_clk_ref_400_n_0}] -add {CLOCKREGION_X1Y4:CLOCKREGION_X1Y4 CLOCKREGION_X1Y5:CLOCKREGION_X1Y5 CLOCKREGION_X1Y6:CLOCKREGION_X1Y6}
#endgroup

# Clock net "i_system_wrapper/system_i/axi_ddr_cntrl/u_system_axi_ddr_cntrl_0_mig/u_iodelay_ctrl/clk_ref_200.u_bufg_clk_ref_n_0" driven by instance "i_system_wrapper/system_i/axi_ddr_cntrl/u_system_axi_ddr_cntrl_0_mig/u_iodelay_ctrl/clk_ref_200.u_bufg_clk_ref" located at site "BUFGCTRL_X0Y20"
#startgroup
create_pblock {CLKAG_i_system_wrapper/system_i/axi_ddr_cntrl/u_system_axi_ddr_cntrl_0_mig/u_iodelay_ctrl/clk_ref_200.u_bufg_clk_ref_n_0}
add_cells_to_pblock [get_pblocks  {CLKAG_i_system_wrapper/system_i/axi_ddr_cntrl/u_system_axi_ddr_cntrl_0_mig/u_iodelay_ctrl/clk_ref_200.u_bufg_clk_ref_n_0}] [get_cells -filter { PRIMITIVE_GROUP != I/O && IS_PRIMITIVE==1 && PRIMITIVE_LEVEL !=INTERNAL } -of_object [get_pins -filter {DIRECTION==IN} -of_objects [get_nets -hierarchical -filter {PARENT=="i_system_wrapper/system_i/axi_ddr_cntrl/u_system_axi_ddr_cntrl_0_mig/u_iodelay_ctrl/clk_ref_200.u_bufg_clk_ref_n_0"}]]]
resize_pblock [get_pblocks {CLKAG_i_system_wrapper/system_i/axi_ddr_cntrl/u_system_axi_ddr_cntrl_0_mig/u_iodelay_ctrl/clk_ref_200.u_bufg_clk_ref_n_0}] -add {CLOCKREGION_X1Y6:CLOCKREGION_X1Y6}
#endgroup

# Clock net "i_system_wrapper/system_i/axi_ddr_cntrl/u_system_axi_ddr_cntrl_0_mig/u_ddr3_infrastructure/mmcm_ps_clk" driven by instance "i_system_wrapper/system_i/axi_ddr_cntrl/u_system_axi_ddr_cntrl_0_mig/u_ddr3_infrastructure/gen_ui_extra_clocks.u_bufg_mmcm_ps_clk" located at site "BUFGCTRL_X0Y18"
#startgroup
create_pblock {CLKAG_i_system_wrapper/system_i/axi_ddr_cntrl/u_system_axi_ddr_cntrl_0_mig/u_ddr3_infrastructure/mmcm_ps_clk}
add_cells_to_pblock [get_pblocks  {CLKAG_i_system_wrapper/system_i/axi_ddr_cntrl/u_system_axi_ddr_cntrl_0_mig/u_ddr3_infrastructure/mmcm_ps_clk}] [get_cells -filter { PRIMITIVE_GROUP != I/O && IS_PRIMITIVE==1 && PRIMITIVE_LEVEL !=INTERNAL } -of_object [get_pins -filter {DIRECTION==IN} -of_objects [get_nets -hierarchical -filter {PARENT=="i_system_wrapper/system_i/axi_ddr_cntrl/u_system_axi_ddr_cntrl_0_mig/u_ddr3_infrastructure/mmcm_ps_clk"}]]]
resize_pblock [get_pblocks {CLKAG_i_system_wrapper/system_i/axi_ddr_cntrl/u_system_axi_ddr_cntrl_0_mig/u_ddr3_infrastructure/mmcm_ps_clk}] -add {CLOCKREGION_X1Y4:CLOCKREGION_X1Y4 CLOCKREGION_X1Y5:CLOCKREGION_X1Y5 CLOCKREGION_X1Y6:CLOCKREGION_X1Y6}
#endgroup

# Clock net "i_system_wrapper/system_i/axi_ddr_cntrl/u_system_axi_ddr_cntrl_0_mig/u_ddr3_infrastructure/CLK" driven by instance "i_system_wrapper/system_i/axi_ddr_cntrl/u_system_axi_ddr_cntrl_0_mig/u_ddr3_infrastructure/u_bufg_clkdiv0" located at site "BUFGCTRL_X0Y16"
#startgroup
create_pblock {CLKAG_i_system_wrapper/system_i/axi_ddr_cntrl/u_system_axi_ddr_cntrl_0_mig/u_ddr3_infrastructure/CLK}
add_cells_to_pblock [get_pblocks  {CLKAG_i_system_wrapper/system_i/axi_ddr_cntrl/u_system_axi_ddr_cntrl_0_mig/u_ddr3_infrastructure/CLK}] [get_cells -filter { PRIMITIVE_GROUP != I/O && IS_PRIMITIVE==1 && PRIMITIVE_LEVEL !=INTERNAL && NAME!=i_system_wrapper/system_i/axi_ddr_cntrl/u_system_axi_ddr_cntrl_0_mig/u_ddr3_infrastructure/gen_ui_extra_clocks.mmcm_i} -of_object [get_pins -filter {DIRECTION==IN} -of_objects [get_nets -hierarchical -filter {PARENT=="i_system_wrapper/system_i/axi_ddr_cntrl/u_system_axi_ddr_cntrl_0_mig/u_ddr3_infrastructure/CLK"}]]]
resize_pblock [get_pblocks {CLKAG_i_system_wrapper/system_i/axi_ddr_cntrl/u_system_axi_ddr_cntrl_0_mig/u_ddr3_infrastructure/CLK}] -add {CLOCKREGION_X0Y4:CLOCKREGION_X0Y4 CLOCKREGION_X1Y4:CLOCKREGION_X1Y4 CLOCKREGION_X1Y5:CLOCKREGION_X1Y5 CLOCKREGION_X1Y6:CLOCKREGION_X1Y6}
#endgroup
